[trainer.py file line:52] - INFO: load_model_path: save_dir_reside_indoor_2024/model/model_00120.pt
[trainer.py file line:104] - INFO: Epoch 0 evaluation process...
[trainer.py file line:182] - INFO: Ref  PSNR (now): 33.383 	 SSIM (now): 0.9834
[trainer.py file line:189] - INFO: Ref  PSNR (max): 33.383 (0) 	 SSIM (max): 0.9834 (0) 
[trainer.py file line:191] - INFO: Evaluation over.
[trainer.py file line:66] - INFO: Current epoch learning rate: 1.000000e-05
[trainer.py file line:87] - INFO: epoch: 121	 batch: 600
[trainer.py file line:89] - INFO: rec_loss: 0.0296370499
[trainer.py file line:87] - INFO: epoch: 121	 batch: 1200
[trainer.py file line:89] - INFO: rec_loss: 0.0166887045
[trainer.py file line:87] - INFO: epoch: 121	 batch: 1800
[trainer.py file line:89] - INFO: rec_loss: 0.0358512998
[trainer.py file line:87] - INFO: epoch: 121	 batch: 2400
[trainer.py file line:89] - INFO: rec_loss: 0.0180851594
[trainer.py file line:87] - INFO: epoch: 121	 batch: 3000
[trainer.py file line:89] - INFO: rec_loss: 0.0246532746
[trainer.py file line:87] - INFO: epoch: 121	 batch: 3600
[trainer.py file line:89] - INFO: rec_loss: 0.0251419917
[trainer.py file line:87] - INFO: epoch: 121	 batch: 4200
[trainer.py file line:89] - INFO: rec_loss: 0.0205637272
[trainer.py file line:87] - INFO: epoch: 121	 batch: 4800
[trainer.py file line:89] - INFO: rec_loss: 0.0231439956
[trainer.py file line:87] - INFO: epoch: 121	 batch: 5400
[trainer.py file line:89] - INFO: rec_loss: 0.0176093057
[trainer.py file line:87] - INFO: epoch: 121	 batch: 6000
[trainer.py file line:89] - INFO: rec_loss: 0.0218709782
[trainer.py file line:87] - INFO: epoch: 121	 batch: 6600
[trainer.py file line:89] - INFO: rec_loss: 0.0225949846
[trainer.py file line:87] - INFO: epoch: 121	 batch: 7200
[trainer.py file line:89] - INFO: rec_loss: 0.0293614734
[trainer.py file line:87] - INFO: epoch: 121	 batch: 7800
[trainer.py file line:89] - INFO: rec_loss: 0.0190626252
[trainer.py file line:87] - INFO: epoch: 121	 batch: 8400
[trainer.py file line:89] - INFO: rec_loss: 0.0136167370
[trainer.py file line:87] - INFO: epoch: 121	 batch: 9000
[trainer.py file line:89] - INFO: rec_loss: 0.0177758001
[trainer.py file line:87] - INFO: epoch: 121	 batch: 9600
[trainer.py file line:89] - INFO: rec_loss: 0.0209911186
[trainer.py file line:87] - INFO: epoch: 121	 batch: 10200
[trainer.py file line:89] - INFO: rec_loss: 0.0168878753
[trainer.py file line:87] - INFO: epoch: 121	 batch: 10800
[trainer.py file line:89] - INFO: rec_loss: 0.0206181332
[trainer.py file line:87] - INFO: epoch: 121	 batch: 11400
[trainer.py file line:89] - INFO: rec_loss: 0.0302836206
[trainer.py file line:87] - INFO: epoch: 121	 batch: 12000
[trainer.py file line:89] - INFO: rec_loss: 0.0244531017
[trainer.py file line:87] - INFO: epoch: 121	 batch: 12600
[trainer.py file line:89] - INFO: rec_loss: 0.0265443120
[trainer.py file line:87] - INFO: epoch: 121	 batch: 13200
[trainer.py file line:89] - INFO: rec_loss: 0.0189094115
[trainer.py file line:87] - INFO: epoch: 121	 batch: 13800
[trainer.py file line:89] - INFO: rec_loss: 0.0114443302
[trainer.py file line:96] - INFO: saving the model...
[trainer.py file line:104] - INFO: Epoch 121 evaluation process...
[trainer.py file line:182] - INFO: Ref  PSNR (now): 34.844 	 SSIM (now): 0.9860
[trainer.py file line:189] - INFO: Ref  PSNR (max): 34.844 (121) 	 SSIM (max): 0.9860 (121) 
[trainer.py file line:191] - INFO: Evaluation over.
[trainer.py file line:66] - INFO: Current epoch learning rate: 1.000000e-05
[trainer.py file line:87] - INFO: epoch: 122	 batch: 600
[trainer.py file line:89] - INFO: rec_loss: 0.0271529630
[trainer.py file line:87] - INFO: epoch: 122	 batch: 1200
[trainer.py file line:89] - INFO: rec_loss: 0.0253867581
[trainer.py file line:87] - INFO: epoch: 122	 batch: 1800
[trainer.py file line:89] - INFO: rec_loss: 0.0242029075
[trainer.py file line:87] - INFO: epoch: 122	 batch: 2400
[trainer.py file line:89] - INFO: rec_loss: 0.0195087679
[trainer.py file line:87] - INFO: epoch: 122	 batch: 3000
[trainer.py file line:89] - INFO: rec_loss: 0.0183471180
[trainer.py file line:87] - INFO: epoch: 122	 batch: 3600
[trainer.py file line:89] - INFO: rec_loss: 0.0347773246
[trainer.py file line:87] - INFO: epoch: 122	 batch: 4200
[trainer.py file line:89] - INFO: rec_loss: 0.0197008885
[trainer.py file line:87] - INFO: epoch: 122	 batch: 4800
[trainer.py file line:89] - INFO: rec_loss: 0.0169481449
[trainer.py file line:87] - INFO: epoch: 122	 batch: 5400
[trainer.py file line:89] - INFO: rec_loss: 0.0159325320
[trainer.py file line:87] - INFO: epoch: 122	 batch: 6000
[trainer.py file line:89] - INFO: rec_loss: 0.0223599970
[trainer.py file line:87] - INFO: epoch: 122	 batch: 6600
[trainer.py file line:89] - INFO: rec_loss: 0.0195610430
[trainer.py file line:87] - INFO: epoch: 122	 batch: 7200
[trainer.py file line:89] - INFO: rec_loss: 0.0214585774
[trainer.py file line:87] - INFO: epoch: 122	 batch: 7800
[trainer.py file line:89] - INFO: rec_loss: 0.0139069110
[trainer.py file line:87] - INFO: epoch: 122	 batch: 8400
[trainer.py file line:89] - INFO: rec_loss: 0.0153202852
[trainer.py file line:87] - INFO: epoch: 122	 batch: 9000
[trainer.py file line:89] - INFO: rec_loss: 0.0150671089
[trainer.py file line:87] - INFO: epoch: 122	 batch: 9600
[trainer.py file line:89] - INFO: rec_loss: 0.0294047315
[trainer.py file line:87] - INFO: epoch: 122	 batch: 10200
[trainer.py file line:89] - INFO: rec_loss: 0.0191188548
[trainer.py file line:87] - INFO: epoch: 122	 batch: 10800
[trainer.py file line:89] - INFO: rec_loss: 0.0208259895
[trainer.py file line:87] - INFO: epoch: 122	 batch: 11400
[trainer.py file line:89] - INFO: rec_loss: 0.0132603822
[trainer.py file line:87] - INFO: epoch: 122	 batch: 12000
[trainer.py file line:89] - INFO: rec_loss: 0.0145950485
[trainer.py file line:87] - INFO: epoch: 122	 batch: 12600
[trainer.py file line:89] - INFO: rec_loss: 0.0148025583
[trainer.py file line:87] - INFO: epoch: 122	 batch: 13200
[trainer.py file line:89] - INFO: rec_loss: 0.0234127138
[trainer.py file line:87] - INFO: epoch: 122	 batch: 13800
[trainer.py file line:89] - INFO: rec_loss: 0.0145738041
[trainer.py file line:96] - INFO: saving the model...
[trainer.py file line:104] - INFO: Epoch 122 evaluation process...
[trainer.py file line:182] - INFO: Ref  PSNR (now): 34.877 	 SSIM (now): 0.9863
[trainer.py file line:189] - INFO: Ref  PSNR (max): 34.877 (122) 	 SSIM (max): 0.9863 (122) 
[trainer.py file line:191] - INFO: Evaluation over.
[trainer.py file line:66] - INFO: Current epoch learning rate: 1.000000e-05
[trainer.py file line:87] - INFO: epoch: 123	 batch: 600
[trainer.py file line:89] - INFO: rec_loss: 0.0250302311
[trainer.py file line:87] - INFO: epoch: 123	 batch: 1200
[trainer.py file line:89] - INFO: rec_loss: 0.0179212131
[trainer.py file line:87] - INFO: epoch: 123	 batch: 1800
[trainer.py file line:89] - INFO: rec_loss: 0.0131009957
[trainer.py file line:87] - INFO: epoch: 123	 batch: 2400
[trainer.py file line:89] - INFO: rec_loss: 0.0168585032
[trainer.py file line:87] - INFO: epoch: 123	 batch: 3000
[trainer.py file line:89] - INFO: rec_loss: 0.0202028509
[trainer.py file line:87] - INFO: epoch: 123	 batch: 3600
[trainer.py file line:89] - INFO: rec_loss: 0.0261017159
[trainer.py file line:87] - INFO: epoch: 123	 batch: 4200
[trainer.py file line:89] - INFO: rec_loss: 0.0144337192
[trainer.py file line:87] - INFO: epoch: 123	 batch: 4800
[trainer.py file line:89] - INFO: rec_loss: 0.0185479745
[trainer.py file line:87] - INFO: epoch: 123	 batch: 5400
[trainer.py file line:89] - INFO: rec_loss: 0.0154013978
[trainer.py file line:87] - INFO: epoch: 123	 batch: 6000
[trainer.py file line:89] - INFO: rec_loss: 0.0301546883
[trainer.py file line:87] - INFO: epoch: 123	 batch: 6600
[trainer.py file line:89] - INFO: rec_loss: 0.0212694090
[trainer.py file line:87] - INFO: epoch: 123	 batch: 7200
[trainer.py file line:89] - INFO: rec_loss: 0.0255754534
[trainer.py file line:87] - INFO: epoch: 123	 batch: 7800
[trainer.py file line:89] - INFO: rec_loss: 0.0156395826
[trainer.py file line:87] - INFO: epoch: 123	 batch: 8400
[trainer.py file line:89] - INFO: rec_loss: 0.0135752298
[trainer.py file line:87] - INFO: epoch: 123	 batch: 9000
[trainer.py file line:89] - INFO: rec_loss: 0.0186922923
[trainer.py file line:87] - INFO: epoch: 123	 batch: 9600
[trainer.py file line:89] - INFO: rec_loss: 0.0166849904
[trainer.py file line:87] - INFO: epoch: 123	 batch: 10200
[trainer.py file line:89] - INFO: rec_loss: 0.0159266964
[trainer.py file line:87] - INFO: epoch: 123	 batch: 10800
[trainer.py file line:89] - INFO: rec_loss: 0.0168158114
[trainer.py file line:87] - INFO: epoch: 123	 batch: 11400
[trainer.py file line:89] - INFO: rec_loss: 0.0252436008
[trainer.py file line:87] - INFO: epoch: 123	 batch: 12000
[trainer.py file line:89] - INFO: rec_loss: 0.0244990941
[trainer.py file line:87] - INFO: epoch: 123	 batch: 12600
[trainer.py file line:89] - INFO: rec_loss: 0.0191224124
[trainer.py file line:87] - INFO: epoch: 123	 batch: 13200
[trainer.py file line:89] - INFO: rec_loss: 0.0219299570
[trainer.py file line:87] - INFO: epoch: 123	 batch: 13800
[trainer.py file line:89] - INFO: rec_loss: 0.0208871774
[trainer.py file line:96] - INFO: saving the model...
[trainer.py file line:104] - INFO: Epoch 123 evaluation process...
[trainer.py file line:182] - INFO: Ref  PSNR (now): 34.860 	 SSIM (now): 0.9864
[trainer.py file line:189] - INFO: Ref  PSNR (max): 34.877 (122) 	 SSIM (max): 0.9864 (123) 
[trainer.py file line:191] - INFO: Evaluation over.
[trainer.py file line:66] - INFO: Current epoch learning rate: 1.000000e-05
[trainer.py file line:87] - INFO: epoch: 124	 batch: 600
[trainer.py file line:89] - INFO: rec_loss: 0.0203001704
[trainer.py file line:87] - INFO: epoch: 124	 batch: 1200
[trainer.py file line:89] - INFO: rec_loss: 0.0204326231
[trainer.py file line:87] - INFO: epoch: 124	 batch: 1800
[trainer.py file line:89] - INFO: rec_loss: 0.0257698745
[trainer.py file line:87] - INFO: epoch: 124	 batch: 2400
[trainer.py file line:89] - INFO: rec_loss: 0.0258514769
[trainer.py file line:87] - INFO: epoch: 124	 batch: 3000
[trainer.py file line:89] - INFO: rec_loss: 0.0270562582
[trainer.py file line:87] - INFO: epoch: 124	 batch: 3600
[trainer.py file line:89] - INFO: rec_loss: 0.0249797143
[trainer.py file line:87] - INFO: epoch: 124	 batch: 4200
[trainer.py file line:89] - INFO: rec_loss: 0.0132635385
[trainer.py file line:87] - INFO: epoch: 124	 batch: 4800
[trainer.py file line:89] - INFO: rec_loss: 0.0194018614
[trainer.py file line:87] - INFO: epoch: 124	 batch: 5400
[trainer.py file line:89] - INFO: rec_loss: 0.0228580609
[trainer.py file line:87] - INFO: epoch: 124	 batch: 6000
[trainer.py file line:89] - INFO: rec_loss: 0.0181351379
[trainer.py file line:87] - INFO: epoch: 124	 batch: 6600
[trainer.py file line:89] - INFO: rec_loss: 0.0135147208
[trainer.py file line:87] - INFO: epoch: 124	 batch: 7200
[trainer.py file line:89] - INFO: rec_loss: 0.0155904563
[trainer.py file line:87] - INFO: epoch: 124	 batch: 7800
[trainer.py file line:89] - INFO: rec_loss: 0.0170793906
[trainer.py file line:87] - INFO: epoch: 124	 batch: 8400
[trainer.py file line:89] - INFO: rec_loss: 0.0172074381
[trainer.py file line:87] - INFO: epoch: 124	 batch: 9000
[trainer.py file line:89] - INFO: rec_loss: 0.0199140646
[trainer.py file line:87] - INFO: epoch: 124	 batch: 9600
[trainer.py file line:89] - INFO: rec_loss: 0.0162481368
[trainer.py file line:87] - INFO: epoch: 124	 batch: 10200
[trainer.py file line:89] - INFO: rec_loss: 0.0183467902
[trainer.py file line:87] - INFO: epoch: 124	 batch: 10800
[trainer.py file line:89] - INFO: rec_loss: 0.0193333700
[trainer.py file line:87] - INFO: epoch: 124	 batch: 11400
[trainer.py file line:89] - INFO: rec_loss: 0.0204184707
[trainer.py file line:87] - INFO: epoch: 124	 batch: 12000
[trainer.py file line:89] - INFO: rec_loss: 0.0218551196
[trainer.py file line:87] - INFO: epoch: 124	 batch: 12600
[trainer.py file line:89] - INFO: rec_loss: 0.0119525846
[trainer.py file line:87] - INFO: epoch: 124	 batch: 13200
[trainer.py file line:89] - INFO: rec_loss: 0.0234064832
[trainer.py file line:87] - INFO: epoch: 124	 batch: 13800
[trainer.py file line:89] - INFO: rec_loss: 0.0204819087
[trainer.py file line:96] - INFO: saving the model...
[trainer.py file line:104] - INFO: Epoch 124 evaluation process...
[trainer.py file line:182] - INFO: Ref  PSNR (now): 34.969 	 SSIM (now): 0.9866
[trainer.py file line:189] - INFO: Ref  PSNR (max): 34.969 (124) 	 SSIM (max): 0.9866 (124) 
[trainer.py file line:191] - INFO: Evaluation over.
[trainer.py file line:66] - INFO: Current epoch learning rate: 1.000000e-05
[trainer.py file line:87] - INFO: epoch: 125	 batch: 600
[trainer.py file line:89] - INFO: rec_loss: 0.0152133210
[trainer.py file line:87] - INFO: epoch: 125	 batch: 1200
[trainer.py file line:89] - INFO: rec_loss: 0.0183041692
[trainer.py file line:87] - INFO: epoch: 125	 batch: 1800
[trainer.py file line:89] - INFO: rec_loss: 0.0187894758
[trainer.py file line:87] - INFO: epoch: 125	 batch: 2400
[trainer.py file line:89] - INFO: rec_loss: 0.0203771945
[trainer.py file line:87] - INFO: epoch: 125	 batch: 3000
[trainer.py file line:89] - INFO: rec_loss: 0.0170239825
[trainer.py file line:87] - INFO: epoch: 125	 batch: 3600
[trainer.py file line:89] - INFO: rec_loss: 0.0164995696
[trainer.py file line:87] - INFO: epoch: 125	 batch: 4200
[trainer.py file line:89] - INFO: rec_loss: 0.0163880531
[trainer.py file line:87] - INFO: epoch: 125	 batch: 4800
[trainer.py file line:89] - INFO: rec_loss: 0.0150866620
[trainer.py file line:87] - INFO: epoch: 125	 batch: 5400
[trainer.py file line:89] - INFO: rec_loss: 0.0160893183
[trainer.py file line:87] - INFO: epoch: 125	 batch: 6000
[trainer.py file line:89] - INFO: rec_loss: 0.0249345247
[trainer.py file line:87] - INFO: epoch: 125	 batch: 6600
[trainer.py file line:89] - INFO: rec_loss: 0.0105304327
[trainer.py file line:87] - INFO: epoch: 125	 batch: 7200
[trainer.py file line:89] - INFO: rec_loss: 0.0243413541
[trainer.py file line:87] - INFO: epoch: 125	 batch: 7800
[trainer.py file line:89] - INFO: rec_loss: 0.0176034831
[trainer.py file line:87] - INFO: epoch: 125	 batch: 8400
[trainer.py file line:89] - INFO: rec_loss: 0.0179651175
[trainer.py file line:87] - INFO: epoch: 125	 batch: 9000
[trainer.py file line:89] - INFO: rec_loss: 0.0233729500
[trainer.py file line:87] - INFO: epoch: 125	 batch: 9600
[trainer.py file line:89] - INFO: rec_loss: 0.0262571033
[trainer.py file line:87] - INFO: epoch: 125	 batch: 10200
[trainer.py file line:89] - INFO: rec_loss: 0.0135173136
[trainer.py file line:87] - INFO: epoch: 125	 batch: 10800
[trainer.py file line:89] - INFO: rec_loss: 0.0212479979
[trainer.py file line:87] - INFO: epoch: 125	 batch: 11400
[trainer.py file line:89] - INFO: rec_loss: 0.0196243916
[trainer.py file line:87] - INFO: epoch: 125	 batch: 12000
[trainer.py file line:89] - INFO: rec_loss: 0.0213541407
[trainer.py file line:87] - INFO: epoch: 125	 batch: 12600
[trainer.py file line:89] - INFO: rec_loss: 0.0193452593
[trainer.py file line:87] - INFO: epoch: 125	 batch: 13200
[trainer.py file line:89] - INFO: rec_loss: 0.0249090251
[trainer.py file line:87] - INFO: epoch: 125	 batch: 13800
[trainer.py file line:89] - INFO: rec_loss: 0.0180794597
[trainer.py file line:96] - INFO: saving the model...
[trainer.py file line:104] - INFO: Epoch 125 evaluation process...
[trainer.py file line:182] - INFO: Ref  PSNR (now): 35.032 	 SSIM (now): 0.9867
[trainer.py file line:189] - INFO: Ref  PSNR (max): 35.032 (125) 	 SSIM (max): 0.9867 (125) 
[trainer.py file line:191] - INFO: Evaluation over.
[trainer.py file line:66] - INFO: Current epoch learning rate: 1.000000e-05
[trainer.py file line:87] - INFO: epoch: 126	 batch: 600
[trainer.py file line:89] - INFO: rec_loss: 0.0176143348
[trainer.py file line:87] - INFO: epoch: 126	 batch: 1200
[trainer.py file line:89] - INFO: rec_loss: 0.0206418391
[trainer.py file line:87] - INFO: epoch: 126	 batch: 1800
[trainer.py file line:89] - INFO: rec_loss: 0.0212534759
[trainer.py file line:87] - INFO: epoch: 126	 batch: 2400
[trainer.py file line:89] - INFO: rec_loss: 0.0138493245
[trainer.py file line:87] - INFO: epoch: 126	 batch: 3000
[trainer.py file line:89] - INFO: rec_loss: 0.0164164174
[trainer.py file line:87] - INFO: epoch: 126	 batch: 3600
[trainer.py file line:89] - INFO: rec_loss: 0.0296588596
[trainer.py file line:87] - INFO: epoch: 126	 batch: 4200
[trainer.py file line:89] - INFO: rec_loss: 0.0198448673
[trainer.py file line:87] - INFO: epoch: 126	 batch: 4800
[trainer.py file line:89] - INFO: rec_loss: 0.0222039651
[trainer.py file line:87] - INFO: epoch: 126	 batch: 5400
[trainer.py file line:89] - INFO: rec_loss: 0.0194347836
[trainer.py file line:87] - INFO: epoch: 126	 batch: 6000
[trainer.py file line:89] - INFO: rec_loss: 0.0267193262
[trainer.py file line:87] - INFO: epoch: 126	 batch: 6600
[trainer.py file line:89] - INFO: rec_loss: 0.0254365522
[trainer.py file line:87] - INFO: epoch: 126	 batch: 7200
[trainer.py file line:89] - INFO: rec_loss: 0.0187369958
[trainer.py file line:87] - INFO: epoch: 126	 batch: 7800
[trainer.py file line:89] - INFO: rec_loss: 0.0182223432
[trainer.py file line:87] - INFO: epoch: 126	 batch: 8400
[trainer.py file line:89] - INFO: rec_loss: 0.0196938477
[trainer.py file line:87] - INFO: epoch: 126	 batch: 9000
[trainer.py file line:89] - INFO: rec_loss: 0.0145689724
[trainer.py file line:87] - INFO: epoch: 126	 batch: 9600
[trainer.py file line:89] - INFO: rec_loss: 0.0152703468
[trainer.py file line:87] - INFO: epoch: 126	 batch: 10200
[trainer.py file line:89] - INFO: rec_loss: 0.0303173531
[trainer.py file line:87] - INFO: epoch: 126	 batch: 10800
[trainer.py file line:89] - INFO: rec_loss: 0.0186554249
[trainer.py file line:87] - INFO: epoch: 126	 batch: 11400
[trainer.py file line:89] - INFO: rec_loss: 0.0176502857
[trainer.py file line:87] - INFO: epoch: 126	 batch: 12000
[trainer.py file line:89] - INFO: rec_loss: 0.0140903965
[trainer.py file line:87] - INFO: epoch: 126	 batch: 12600
[trainer.py file line:89] - INFO: rec_loss: 0.0162613820
[trainer.py file line:87] - INFO: epoch: 126	 batch: 13200
[trainer.py file line:89] - INFO: rec_loss: 0.0163413566
[trainer.py file line:87] - INFO: epoch: 126	 batch: 13800
[trainer.py file line:89] - INFO: rec_loss: 0.0128147556
[trainer.py file line:96] - INFO: saving the model...
[trainer.py file line:104] - INFO: Epoch 126 evaluation process...
[trainer.py file line:182] - INFO: Ref  PSNR (now): 35.026 	 SSIM (now): 0.9868
[trainer.py file line:189] - INFO: Ref  PSNR (max): 35.032 (125) 	 SSIM (max): 0.9868 (126) 
[trainer.py file line:191] - INFO: Evaluation over.
[trainer.py file line:66] - INFO: Current epoch learning rate: 1.000000e-05
[trainer.py file line:87] - INFO: epoch: 127	 batch: 600
[trainer.py file line:89] - INFO: rec_loss: 0.0134954210
[trainer.py file line:87] - INFO: epoch: 127	 batch: 1200
[trainer.py file line:89] - INFO: rec_loss: 0.0236457251
[trainer.py file line:87] - INFO: epoch: 127	 batch: 1800
[trainer.py file line:89] - INFO: rec_loss: 0.0157360565
[trainer.py file line:87] - INFO: epoch: 127	 batch: 2400
[trainer.py file line:89] - INFO: rec_loss: 0.0151287504
[trainer.py file line:87] - INFO: epoch: 127	 batch: 3000
[trainer.py file line:89] - INFO: rec_loss: 0.0169447996
[trainer.py file line:87] - INFO: epoch: 127	 batch: 3600
[trainer.py file line:89] - INFO: rec_loss: 0.0177997444
[trainer.py file line:87] - INFO: epoch: 127	 batch: 4200
[trainer.py file line:89] - INFO: rec_loss: 0.0209106524
[trainer.py file line:87] - INFO: epoch: 127	 batch: 4800
[trainer.py file line:89] - INFO: rec_loss: 0.0140733756
[trainer.py file line:87] - INFO: epoch: 127	 batch: 5400
[trainer.py file line:89] - INFO: rec_loss: 0.0178468842
[trainer.py file line:87] - INFO: epoch: 127	 batch: 6000
[trainer.py file line:89] - INFO: rec_loss: 0.0205668192
[trainer.py file line:87] - INFO: epoch: 127	 batch: 6600
[trainer.py file line:89] - INFO: rec_loss: 0.0138288746
[trainer.py file line:87] - INFO: epoch: 127	 batch: 7200
[trainer.py file line:89] - INFO: rec_loss: 0.0187252667
[trainer.py file line:87] - INFO: epoch: 127	 batch: 7800
[trainer.py file line:89] - INFO: rec_loss: 0.0142186349
[trainer.py file line:87] - INFO: epoch: 127	 batch: 8400
[trainer.py file line:89] - INFO: rec_loss: 0.0191714223
[trainer.py file line:87] - INFO: epoch: 127	 batch: 9000
[trainer.py file line:89] - INFO: rec_loss: 0.0177029539
[trainer.py file line:87] - INFO: epoch: 127	 batch: 9600
[trainer.py file line:89] - INFO: rec_loss: 0.0113314427
[trainer.py file line:87] - INFO: epoch: 127	 batch: 10200
[trainer.py file line:89] - INFO: rec_loss: 0.0137848221
[trainer.py file line:87] - INFO: epoch: 127	 batch: 10800
[trainer.py file line:89] - INFO: rec_loss: 0.0176163912
[trainer.py file line:87] - INFO: epoch: 127	 batch: 11400
[trainer.py file line:89] - INFO: rec_loss: 0.0159884598
[trainer.py file line:87] - INFO: epoch: 127	 batch: 12000
[trainer.py file line:89] - INFO: rec_loss: 0.0280245394
[trainer.py file line:87] - INFO: epoch: 127	 batch: 12600
[trainer.py file line:89] - INFO: rec_loss: 0.0161002707
[trainer.py file line:87] - INFO: epoch: 127	 batch: 13200
[trainer.py file line:89] - INFO: rec_loss: 0.0183593370
[trainer.py file line:87] - INFO: epoch: 127	 batch: 13800
[trainer.py file line:89] - INFO: rec_loss: 0.0191855859
[trainer.py file line:96] - INFO: saving the model...
[trainer.py file line:104] - INFO: Epoch 127 evaluation process...
[trainer.py file line:182] - INFO: Ref  PSNR (now): 35.057 	 SSIM (now): 0.9869
[trainer.py file line:189] - INFO: Ref  PSNR (max): 35.057 (127) 	 SSIM (max): 0.9869 (127) 
[trainer.py file line:191] - INFO: Evaluation over.
[trainer.py file line:66] - INFO: Current epoch learning rate: 1.000000e-05
[trainer.py file line:87] - INFO: epoch: 128	 batch: 600
[trainer.py file line:89] - INFO: rec_loss: 0.0189026147
[trainer.py file line:87] - INFO: epoch: 128	 batch: 1200
[trainer.py file line:89] - INFO: rec_loss: 0.0134347314
[trainer.py file line:87] - INFO: epoch: 128	 batch: 1800
[trainer.py file line:89] - INFO: rec_loss: 0.0135176107
[trainer.py file line:87] - INFO: epoch: 128	 batch: 2400
[trainer.py file line:89] - INFO: rec_loss: 0.0216545444
[trainer.py file line:87] - INFO: epoch: 128	 batch: 3000
[trainer.py file line:89] - INFO: rec_loss: 0.0115813427
[trainer.py file line:87] - INFO: epoch: 128	 batch: 3600
[trainer.py file line:89] - INFO: rec_loss: 0.0185012259
[trainer.py file line:87] - INFO: epoch: 128	 batch: 4200
[trainer.py file line:89] - INFO: rec_loss: 0.0192313809
[trainer.py file line:87] - INFO: epoch: 128	 batch: 4800
[trainer.py file line:89] - INFO: rec_loss: 0.0215448309
[trainer.py file line:87] - INFO: epoch: 128	 batch: 5400
[trainer.py file line:89] - INFO: rec_loss: 0.0167239979
[trainer.py file line:87] - INFO: epoch: 128	 batch: 6000
[trainer.py file line:89] - INFO: rec_loss: 0.0096891336
[trainer.py file line:87] - INFO: epoch: 128	 batch: 6600
[trainer.py file line:89] - INFO: rec_loss: 0.0162807293
[trainer.py file line:87] - INFO: epoch: 128	 batch: 7200
[trainer.py file line:89] - INFO: rec_loss: 0.0173555072
[trainer.py file line:87] - INFO: epoch: 128	 batch: 7800
[trainer.py file line:89] - INFO: rec_loss: 0.0184463486
[trainer.py file line:87] - INFO: epoch: 128	 batch: 8400
[trainer.py file line:89] - INFO: rec_loss: 0.0188708715
[trainer.py file line:87] - INFO: epoch: 128	 batch: 9000
[trainer.py file line:89] - INFO: rec_loss: 0.0188235734
[trainer.py file line:87] - INFO: epoch: 128	 batch: 9600
[trainer.py file line:89] - INFO: rec_loss: 0.0259033479
[trainer.py file line:87] - INFO: epoch: 128	 batch: 10200
[trainer.py file line:89] - INFO: rec_loss: 0.0292755216
[trainer.py file line:87] - INFO: epoch: 128	 batch: 10800
[trainer.py file line:89] - INFO: rec_loss: 0.0192698389
[trainer.py file line:87] - INFO: epoch: 128	 batch: 11400
[trainer.py file line:89] - INFO: rec_loss: 0.0119686890
[trainer.py file line:87] - INFO: epoch: 128	 batch: 12000
[trainer.py file line:89] - INFO: rec_loss: 0.0165299363
[trainer.py file line:87] - INFO: epoch: 128	 batch: 12600
[trainer.py file line:89] - INFO: rec_loss: 0.0193466879
[trainer.py file line:87] - INFO: epoch: 128	 batch: 13200
[trainer.py file line:89] - INFO: rec_loss: 0.0172178596
[trainer.py file line:87] - INFO: epoch: 128	 batch: 13800
[trainer.py file line:89] - INFO: rec_loss: 0.0213899948
[trainer.py file line:96] - INFO: saving the model...
[trainer.py file line:104] - INFO: Epoch 128 evaluation process...
[trainer.py file line:182] - INFO: Ref  PSNR (now): 34.995 	 SSIM (now): 0.9869
[trainer.py file line:189] - INFO: Ref  PSNR (max): 35.057 (127) 	 SSIM (max): 0.9869 (128) 
[trainer.py file line:191] - INFO: Evaluation over.
[trainer.py file line:66] - INFO: Current epoch learning rate: 1.000000e-05
[trainer.py file line:87] - INFO: epoch: 129	 batch: 600
[trainer.py file line:89] - INFO: rec_loss: 0.0148050226
[trainer.py file line:87] - INFO: epoch: 129	 batch: 1200
[trainer.py file line:89] - INFO: rec_loss: 0.0213947222
[trainer.py file line:87] - INFO: epoch: 129	 batch: 1800
[trainer.py file line:89] - INFO: rec_loss: 0.0176998004
[trainer.py file line:87] - INFO: epoch: 129	 batch: 2400
[trainer.py file line:89] - INFO: rec_loss: 0.0176557358
[trainer.py file line:87] - INFO: epoch: 129	 batch: 3000
[trainer.py file line:89] - INFO: rec_loss: 0.0095254257
[trainer.py file line:87] - INFO: epoch: 129	 batch: 3600
[trainer.py file line:89] - INFO: rec_loss: 0.0185657572
[trainer.py file line:87] - INFO: epoch: 129	 batch: 4200
[trainer.py file line:89] - INFO: rec_loss: 0.0252386127
[trainer.py file line:87] - INFO: epoch: 129	 batch: 4800
[trainer.py file line:89] - INFO: rec_loss: 0.0206442252
[trainer.py file line:87] - INFO: epoch: 129	 batch: 5400
[trainer.py file line:89] - INFO: rec_loss: 0.0227136295
[trainer.py file line:87] - INFO: epoch: 129	 batch: 6000
[trainer.py file line:89] - INFO: rec_loss: 0.0139381727
[trainer.py file line:87] - INFO: epoch: 129	 batch: 6600
[trainer.py file line:89] - INFO: rec_loss: 0.0179535896
[trainer.py file line:87] - INFO: epoch: 129	 batch: 7200
[trainer.py file line:89] - INFO: rec_loss: 0.0230555981
[trainer.py file line:87] - INFO: epoch: 129	 batch: 7800
[trainer.py file line:89] - INFO: rec_loss: 0.0153030809
[trainer.py file line:87] - INFO: epoch: 129	 batch: 8400
[trainer.py file line:89] - INFO: rec_loss: 0.0156037230
[trainer.py file line:87] - INFO: epoch: 129	 batch: 9000
[trainer.py file line:89] - INFO: rec_loss: 0.0256511979
[trainer.py file line:87] - INFO: epoch: 129	 batch: 9600
[trainer.py file line:89] - INFO: rec_loss: 0.0150792338
[trainer.py file line:87] - INFO: epoch: 129	 batch: 10200
[trainer.py file line:89] - INFO: rec_loss: 0.0173947271
[trainer.py file line:87] - INFO: epoch: 129	 batch: 10800
[trainer.py file line:89] - INFO: rec_loss: 0.0139411483
[trainer.py file line:87] - INFO: epoch: 129	 batch: 11400
[trainer.py file line:89] - INFO: rec_loss: 0.0205634553
[trainer.py file line:87] - INFO: epoch: 129	 batch: 12000
[trainer.py file line:89] - INFO: rec_loss: 0.0154773165
[trainer.py file line:87] - INFO: epoch: 129	 batch: 12600
[trainer.py file line:89] - INFO: rec_loss: 0.0137345809
[trainer.py file line:87] - INFO: epoch: 129	 batch: 13200
[trainer.py file line:89] - INFO: rec_loss: 0.0252015293
[trainer.py file line:87] - INFO: epoch: 129	 batch: 13800
[trainer.py file line:89] - INFO: rec_loss: 0.0180450901
[trainer.py file line:96] - INFO: saving the model...
[trainer.py file line:104] - INFO: Epoch 129 evaluation process...
[trainer.py file line:182] - INFO: Ref  PSNR (now): 35.092 	 SSIM (now): 0.9870
[trainer.py file line:189] - INFO: Ref  PSNR (max): 35.092 (129) 	 SSIM (max): 0.9870 (129) 
[trainer.py file line:191] - INFO: Evaluation over.
[trainer.py file line:66] - INFO: Current epoch learning rate: 1.000000e-05
[trainer.py file line:87] - INFO: epoch: 130	 batch: 600
[trainer.py file line:89] - INFO: rec_loss: 0.0160422530
[trainer.py file line:87] - INFO: epoch: 130	 batch: 1200
[trainer.py file line:89] - INFO: rec_loss: 0.0179304332
[trainer.py file line:87] - INFO: epoch: 130	 batch: 1800
[trainer.py file line:89] - INFO: rec_loss: 0.0215223916
[trainer.py file line:87] - INFO: epoch: 130	 batch: 2400
[trainer.py file line:89] - INFO: rec_loss: 0.0105067510
[trainer.py file line:87] - INFO: epoch: 130	 batch: 3000
[trainer.py file line:89] - INFO: rec_loss: 0.0204345211
[trainer.py file line:87] - INFO: epoch: 130	 batch: 3600
[trainer.py file line:89] - INFO: rec_loss: 0.0173846614
[trainer.py file line:87] - INFO: epoch: 130	 batch: 4200
[trainer.py file line:89] - INFO: rec_loss: 0.0190721732
[trainer.py file line:87] - INFO: epoch: 130	 batch: 4800
[trainer.py file line:89] - INFO: rec_loss: 0.0173464548
[trainer.py file line:87] - INFO: epoch: 130	 batch: 5400
[trainer.py file line:89] - INFO: rec_loss: 0.0155750662
[trainer.py file line:87] - INFO: epoch: 130	 batch: 6000
[trainer.py file line:89] - INFO: rec_loss: 0.0151738739
[trainer.py file line:87] - INFO: epoch: 130	 batch: 6600
[trainer.py file line:89] - INFO: rec_loss: 0.0148198772
[trainer.py file line:87] - INFO: epoch: 130	 batch: 7200
[trainer.py file line:89] - INFO: rec_loss: 0.0269429795
[trainer.py file line:87] - INFO: epoch: 130	 batch: 7800
[trainer.py file line:89] - INFO: rec_loss: 0.0116131622
[trainer.py file line:87] - INFO: epoch: 130	 batch: 8400
[trainer.py file line:89] - INFO: rec_loss: 0.0140905855
[trainer.py file line:87] - INFO: epoch: 130	 batch: 9000
[trainer.py file line:89] - INFO: rec_loss: 0.0168461520
[trainer.py file line:87] - INFO: epoch: 130	 batch: 9600
[trainer.py file line:89] - INFO: rec_loss: 0.0224990286
[trainer.py file line:87] - INFO: epoch: 130	 batch: 10200
[trainer.py file line:89] - INFO: rec_loss: 0.0144169861
[trainer.py file line:87] - INFO: epoch: 130	 batch: 10800
[trainer.py file line:89] - INFO: rec_loss: 0.0235850159
[trainer.py file line:87] - INFO: epoch: 130	 batch: 11400
[trainer.py file line:89] - INFO: rec_loss: 0.0145991528
[trainer.py file line:87] - INFO: epoch: 130	 batch: 12000
[trainer.py file line:89] - INFO: rec_loss: 0.0183958132
[trainer.py file line:87] - INFO: epoch: 130	 batch: 12600
[trainer.py file line:89] - INFO: rec_loss: 0.0130058536
[trainer.py file line:87] - INFO: epoch: 130	 batch: 13200
[trainer.py file line:89] - INFO: rec_loss: 0.0192042124
[trainer.py file line:87] - INFO: epoch: 130	 batch: 13800
[trainer.py file line:89] - INFO: rec_loss: 0.0164079480
[trainer.py file line:96] - INFO: saving the model...
[trainer.py file line:104] - INFO: Epoch 130 evaluation process...
[trainer.py file line:182] - INFO: Ref  PSNR (now): 35.108 	 SSIM (now): 0.9871
[trainer.py file line:189] - INFO: Ref  PSNR (max): 35.108 (130) 	 SSIM (max): 0.9871 (130) 
[trainer.py file line:191] - INFO: Evaluation over.
[trainer.py file line:66] - INFO: Current epoch learning rate: 1.000000e-05
[trainer.py file line:87] - INFO: epoch: 131	 batch: 600
[trainer.py file line:89] - INFO: rec_loss: 0.0232546311
[trainer.py file line:87] - INFO: epoch: 131	 batch: 1200
[trainer.py file line:89] - INFO: rec_loss: 0.0177309550
[trainer.py file line:87] - INFO: epoch: 131	 batch: 1800
[trainer.py file line:89] - INFO: rec_loss: 0.0170337055
[trainer.py file line:87] - INFO: epoch: 131	 batch: 2400
[trainer.py file line:89] - INFO: rec_loss: 0.0151050594
[trainer.py file line:87] - INFO: epoch: 131	 batch: 3000
[trainer.py file line:89] - INFO: rec_loss: 0.0148487100
[trainer.py file line:87] - INFO: epoch: 131	 batch: 3600
[trainer.py file line:89] - INFO: rec_loss: 0.0180380717
[trainer.py file line:87] - INFO: epoch: 131	 batch: 4200
[trainer.py file line:89] - INFO: rec_loss: 0.0160236936
[trainer.py file line:87] - INFO: epoch: 131	 batch: 4800
[trainer.py file line:89] - INFO: rec_loss: 0.0169485472
[trainer.py file line:87] - INFO: epoch: 131	 batch: 5400
[trainer.py file line:89] - INFO: rec_loss: 0.0211471952
[trainer.py file line:87] - INFO: epoch: 131	 batch: 6000
[trainer.py file line:89] - INFO: rec_loss: 0.0112365941
[trainer.py file line:87] - INFO: epoch: 131	 batch: 6600
[trainer.py file line:89] - INFO: rec_loss: 0.0218477249
[trainer.py file line:87] - INFO: epoch: 131	 batch: 7200
[trainer.py file line:89] - INFO: rec_loss: 0.0195654444
[trainer.py file line:87] - INFO: epoch: 131	 batch: 7800
[trainer.py file line:89] - INFO: rec_loss: 0.0133166788
[trainer.py file line:87] - INFO: epoch: 131	 batch: 8400
[trainer.py file line:89] - INFO: rec_loss: 0.0266864561
[trainer.py file line:87] - INFO: epoch: 131	 batch: 9000
[trainer.py file line:89] - INFO: rec_loss: 0.0179259572
[trainer.py file line:87] - INFO: epoch: 131	 batch: 9600
[trainer.py file line:89] - INFO: rec_loss: 0.0205590278
[trainer.py file line:87] - INFO: epoch: 131	 batch: 10200
[trainer.py file line:89] - INFO: rec_loss: 0.0172164943
[trainer.py file line:87] - INFO: epoch: 131	 batch: 10800
[trainer.py file line:89] - INFO: rec_loss: 0.0169745423
[trainer.py file line:87] - INFO: epoch: 131	 batch: 11400
[trainer.py file line:89] - INFO: rec_loss: 0.0165750384
[trainer.py file line:87] - INFO: epoch: 131	 batch: 12000
[trainer.py file line:89] - INFO: rec_loss: 0.0146066332
[trainer.py file line:87] - INFO: epoch: 131	 batch: 12600
[trainer.py file line:89] - INFO: rec_loss: 0.0191508215
[trainer.py file line:87] - INFO: epoch: 131	 batch: 13200
[trainer.py file line:89] - INFO: rec_loss: 0.0169312935
[trainer.py file line:87] - INFO: epoch: 131	 batch: 13800
[trainer.py file line:89] - INFO: rec_loss: 0.0104980329
[trainer.py file line:96] - INFO: saving the model...
[trainer.py file line:104] - INFO: Epoch 131 evaluation process...
[trainer.py file line:182] - INFO: Ref  PSNR (now): 35.129 	 SSIM (now): 0.9871
[trainer.py file line:189] - INFO: Ref  PSNR (max): 35.129 (131) 	 SSIM (max): 0.9871 (131) 
[trainer.py file line:191] - INFO: Evaluation over.
[trainer.py file line:66] - INFO: Current epoch learning rate: 1.000000e-05
[trainer.py file line:87] - INFO: epoch: 132	 batch: 600
[trainer.py file line:89] - INFO: rec_loss: 0.0137318177
[trainer.py file line:87] - INFO: epoch: 132	 batch: 1200
[trainer.py file line:89] - INFO: rec_loss: 0.0184831508
[trainer.py file line:87] - INFO: epoch: 132	 batch: 1800
[trainer.py file line:89] - INFO: rec_loss: 0.0097173825
[trainer.py file line:87] - INFO: epoch: 132	 batch: 2400
[trainer.py file line:89] - INFO: rec_loss: 0.0150172096
[trainer.py file line:87] - INFO: epoch: 132	 batch: 3000
[trainer.py file line:89] - INFO: rec_loss: 0.0172862895
[trainer.py file line:87] - INFO: epoch: 132	 batch: 3600
[trainer.py file line:89] - INFO: rec_loss: 0.0306347162
[trainer.py file line:87] - INFO: epoch: 132	 batch: 4200
[trainer.py file line:89] - INFO: rec_loss: 0.0169654116
[trainer.py file line:87] - INFO: epoch: 132	 batch: 4800
[trainer.py file line:89] - INFO: rec_loss: 0.0220855158
[trainer.py file line:87] - INFO: epoch: 132	 batch: 5400
[trainer.py file line:89] - INFO: rec_loss: 0.0152692255
[trainer.py file line:87] - INFO: epoch: 132	 batch: 6000
[trainer.py file line:89] - INFO: rec_loss: 0.0116541460
[trainer.py file line:87] - INFO: epoch: 132	 batch: 6600
[trainer.py file line:89] - INFO: rec_loss: 0.0186141059
[trainer.py file line:87] - INFO: epoch: 132	 batch: 7200
[trainer.py file line:89] - INFO: rec_loss: 0.0125286877
[trainer.py file line:87] - INFO: epoch: 132	 batch: 7800
[trainer.py file line:89] - INFO: rec_loss: 0.0149278371
[trainer.py file line:87] - INFO: epoch: 132	 batch: 8400
[trainer.py file line:89] - INFO: rec_loss: 0.0144161992
[trainer.py file line:87] - INFO: epoch: 132	 batch: 9000
[trainer.py file line:89] - INFO: rec_loss: 0.0136467889
[trainer.py file line:87] - INFO: epoch: 132	 batch: 9600
[trainer.py file line:89] - INFO: rec_loss: 0.0163757205
[trainer.py file line:87] - INFO: epoch: 132	 batch: 10200
[trainer.py file line:89] - INFO: rec_loss: 0.0157159697
[trainer.py file line:87] - INFO: epoch: 132	 batch: 10800
[trainer.py file line:89] - INFO: rec_loss: 0.0145055903
[trainer.py file line:87] - INFO: epoch: 132	 batch: 11400
[trainer.py file line:89] - INFO: rec_loss: 0.0185957924
[trainer.py file line:87] - INFO: epoch: 132	 batch: 12000
[trainer.py file line:89] - INFO: rec_loss: 0.0165973119
[trainer.py file line:87] - INFO: epoch: 132	 batch: 12600
[trainer.py file line:89] - INFO: rec_loss: 0.0125054456
[trainer.py file line:87] - INFO: epoch: 132	 batch: 13200
[trainer.py file line:89] - INFO: rec_loss: 0.0168923140
[trainer.py file line:87] - INFO: epoch: 132	 batch: 13800
[trainer.py file line:89] - INFO: rec_loss: 0.0163631830
[trainer.py file line:96] - INFO: saving the model...
[trainer.py file line:104] - INFO: Epoch 132 evaluation process...
[trainer.py file line:182] - INFO: Ref  PSNR (now): 35.137 	 SSIM (now): 0.9872
[trainer.py file line:189] - INFO: Ref  PSNR (max): 35.137 (132) 	 SSIM (max): 0.9872 (132) 
[trainer.py file line:191] - INFO: Evaluation over.
[trainer.py file line:66] - INFO: Current epoch learning rate: 1.000000e-05
[trainer.py file line:87] - INFO: epoch: 133	 batch: 600
[trainer.py file line:89] - INFO: rec_loss: 0.0189488549
[trainer.py file line:87] - INFO: epoch: 133	 batch: 1200
[trainer.py file line:89] - INFO: rec_loss: 0.0178839825
[trainer.py file line:87] - INFO: epoch: 133	 batch: 1800
[trainer.py file line:89] - INFO: rec_loss: 0.0183271281
[trainer.py file line:87] - INFO: epoch: 133	 batch: 2400
[trainer.py file line:89] - INFO: rec_loss: 0.0177061986
[trainer.py file line:87] - INFO: epoch: 133	 batch: 3000
[trainer.py file line:89] - INFO: rec_loss: 0.0173708200
[trainer.py file line:87] - INFO: epoch: 133	 batch: 3600
[trainer.py file line:89] - INFO: rec_loss: 0.0167701095
[trainer.py file line:87] - INFO: epoch: 133	 batch: 4200
[trainer.py file line:89] - INFO: rec_loss: 0.0202114861
[trainer.py file line:87] - INFO: epoch: 133	 batch: 4800
[trainer.py file line:89] - INFO: rec_loss: 0.0163248703
[trainer.py file line:87] - INFO: epoch: 133	 batch: 5400
[trainer.py file line:89] - INFO: rec_loss: 0.0201568492
[trainer.py file line:87] - INFO: epoch: 133	 batch: 6000
[trainer.py file line:89] - INFO: rec_loss: 0.0189028289
[trainer.py file line:87] - INFO: epoch: 133	 batch: 6600
[trainer.py file line:89] - INFO: rec_loss: 0.0124340113
[trainer.py file line:87] - INFO: epoch: 133	 batch: 7200
[trainer.py file line:89] - INFO: rec_loss: 0.0253185891
[trainer.py file line:87] - INFO: epoch: 133	 batch: 7800
[trainer.py file line:89] - INFO: rec_loss: 0.0179225914
[trainer.py file line:87] - INFO: epoch: 133	 batch: 8400
[trainer.py file line:89] - INFO: rec_loss: 0.0174551439
[trainer.py file line:87] - INFO: epoch: 133	 batch: 9000
[trainer.py file line:89] - INFO: rec_loss: 0.0184549298
[trainer.py file line:87] - INFO: epoch: 133	 batch: 9600
[trainer.py file line:89] - INFO: rec_loss: 0.0184525568
[trainer.py file line:87] - INFO: epoch: 133	 batch: 10200
[trainer.py file line:89] - INFO: rec_loss: 0.0130019840
[trainer.py file line:87] - INFO: epoch: 133	 batch: 10800
[trainer.py file line:89] - INFO: rec_loss: 0.0142400106
[trainer.py file line:87] - INFO: epoch: 133	 batch: 11400
[trainer.py file line:89] - INFO: rec_loss: 0.0177576374
[trainer.py file line:87] - INFO: epoch: 133	 batch: 12000
[trainer.py file line:89] - INFO: rec_loss: 0.0191072747
[trainer.py file line:87] - INFO: epoch: 133	 batch: 12600
[trainer.py file line:89] - INFO: rec_loss: 0.0137518086
[trainer.py file line:87] - INFO: epoch: 133	 batch: 13200
[trainer.py file line:89] - INFO: rec_loss: 0.0177137610
[trainer.py file line:87] - INFO: epoch: 133	 batch: 13800
[trainer.py file line:89] - INFO: rec_loss: 0.0107136155
[trainer.py file line:96] - INFO: saving the model...
[trainer.py file line:104] - INFO: Epoch 133 evaluation process...
[trainer.py file line:182] - INFO: Ref  PSNR (now): 35.094 	 SSIM (now): 0.9872
[trainer.py file line:189] - INFO: Ref  PSNR (max): 35.137 (132) 	 SSIM (max): 0.9872 (133) 
[trainer.py file line:191] - INFO: Evaluation over.
[trainer.py file line:66] - INFO: Current epoch learning rate: 1.000000e-05
[trainer.py file line:87] - INFO: epoch: 134	 batch: 600
[trainer.py file line:89] - INFO: rec_loss: 0.0184681080
[trainer.py file line:87] - INFO: epoch: 134	 batch: 1200
[trainer.py file line:89] - INFO: rec_loss: 0.0202847458
[trainer.py file line:87] - INFO: epoch: 134	 batch: 1800
[trainer.py file line:89] - INFO: rec_loss: 0.0158308949
[trainer.py file line:87] - INFO: epoch: 134	 batch: 2400
[trainer.py file line:89] - INFO: rec_loss: 0.0186776817
[trainer.py file line:87] - INFO: epoch: 134	 batch: 3000
[trainer.py file line:89] - INFO: rec_loss: 0.0142681785
[trainer.py file line:87] - INFO: epoch: 134	 batch: 3600
[trainer.py file line:89] - INFO: rec_loss: 0.0135596851
[trainer.py file line:87] - INFO: epoch: 134	 batch: 4200
[trainer.py file line:89] - INFO: rec_loss: 0.0183647405
[trainer.py file line:87] - INFO: epoch: 134	 batch: 4800
[trainer.py file line:89] - INFO: rec_loss: 0.0191418305
[trainer.py file line:87] - INFO: epoch: 134	 batch: 5400
[trainer.py file line:89] - INFO: rec_loss: 0.0171872526
[trainer.py file line:87] - INFO: epoch: 134	 batch: 6000
[trainer.py file line:89] - INFO: rec_loss: 0.0164229739
[trainer.py file line:87] - INFO: epoch: 134	 batch: 6600
[trainer.py file line:89] - INFO: rec_loss: 0.0173722375
[trainer.py file line:87] - INFO: epoch: 134	 batch: 7200
[trainer.py file line:89] - INFO: rec_loss: 0.0179624483
[trainer.py file line:87] - INFO: epoch: 134	 batch: 7800
[trainer.py file line:89] - INFO: rec_loss: 0.0169872679
[trainer.py file line:87] - INFO: epoch: 134	 batch: 8400
[trainer.py file line:89] - INFO: rec_loss: 0.0199600831
[trainer.py file line:87] - INFO: epoch: 134	 batch: 9000
[trainer.py file line:89] - INFO: rec_loss: 0.0149830710
[trainer.py file line:87] - INFO: epoch: 134	 batch: 9600
[trainer.py file line:89] - INFO: rec_loss: 0.0187620725
[trainer.py file line:87] - INFO: epoch: 134	 batch: 10200
[trainer.py file line:89] - INFO: rec_loss: 0.0175927039
[trainer.py file line:87] - INFO: epoch: 134	 batch: 10800
[trainer.py file line:89] - INFO: rec_loss: 0.0146309938
[trainer.py file line:87] - INFO: epoch: 134	 batch: 11400
[trainer.py file line:89] - INFO: rec_loss: 0.0153332390
[trainer.py file line:87] - INFO: epoch: 134	 batch: 12000
[trainer.py file line:89] - INFO: rec_loss: 0.0164364036
[trainer.py file line:87] - INFO: epoch: 134	 batch: 12600
[trainer.py file line:89] - INFO: rec_loss: 0.0188119262
[trainer.py file line:87] - INFO: epoch: 134	 batch: 13200
[trainer.py file line:89] - INFO: rec_loss: 0.0115170041
[trainer.py file line:87] - INFO: epoch: 134	 batch: 13800
[trainer.py file line:89] - INFO: rec_loss: 0.0186695252
[trainer.py file line:96] - INFO: saving the model...
[trainer.py file line:104] - INFO: Epoch 134 evaluation process...
[trainer.py file line:182] - INFO: Ref  PSNR (now): 35.100 	 SSIM (now): 0.9872
[trainer.py file line:189] - INFO: Ref  PSNR (max): 35.137 (132) 	 SSIM (max): 0.9872 (133) 
[trainer.py file line:191] - INFO: Evaluation over.
[trainer.py file line:66] - INFO: Current epoch learning rate: 1.000000e-05
[trainer.py file line:87] - INFO: epoch: 135	 batch: 600
[trainer.py file line:89] - INFO: rec_loss: 0.0155620612
[trainer.py file line:87] - INFO: epoch: 135	 batch: 1200
[trainer.py file line:89] - INFO: rec_loss: 0.0154574066
[trainer.py file line:87] - INFO: epoch: 135	 batch: 1800
[trainer.py file line:89] - INFO: rec_loss: 0.0151637243
[trainer.py file line:87] - INFO: epoch: 135	 batch: 2400
[trainer.py file line:89] - INFO: rec_loss: 0.0130140046
[trainer.py file line:87] - INFO: epoch: 135	 batch: 3000
[trainer.py file line:89] - INFO: rec_loss: 0.0183477327
[trainer.py file line:87] - INFO: epoch: 135	 batch: 3600
[trainer.py file line:89] - INFO: rec_loss: 0.0189874917
[trainer.py file line:87] - INFO: epoch: 135	 batch: 4200
[trainer.py file line:89] - INFO: rec_loss: 0.0189081542
[trainer.py file line:87] - INFO: epoch: 135	 batch: 4800
[trainer.py file line:89] - INFO: rec_loss: 0.0185831040
[trainer.py file line:87] - INFO: epoch: 135	 batch: 5400
[trainer.py file line:89] - INFO: rec_loss: 0.0193505678
[trainer.py file line:87] - INFO: epoch: 135	 batch: 6000
[trainer.py file line:89] - INFO: rec_loss: 0.0136257075
[trainer.py file line:87] - INFO: epoch: 135	 batch: 6600
[trainer.py file line:89] - INFO: rec_loss: 0.0147724152
[trainer.py file line:87] - INFO: epoch: 135	 batch: 7200
[trainer.py file line:89] - INFO: rec_loss: 0.0244184006
[trainer.py file line:87] - INFO: epoch: 135	 batch: 7800
[trainer.py file line:89] - INFO: rec_loss: 0.0287505332
[trainer.py file line:87] - INFO: epoch: 135	 batch: 8400
[trainer.py file line:89] - INFO: rec_loss: 0.0124497106
[trainer.py file line:87] - INFO: epoch: 135	 batch: 9000
[trainer.py file line:89] - INFO: rec_loss: 0.0203301758
[trainer.py file line:87] - INFO: epoch: 135	 batch: 9600
[trainer.py file line:89] - INFO: rec_loss: 0.0140454816
[trainer.py file line:87] - INFO: epoch: 135	 batch: 10200
[trainer.py file line:89] - INFO: rec_loss: 0.0173354074
[trainer.py file line:87] - INFO: epoch: 135	 batch: 10800
[trainer.py file line:89] - INFO: rec_loss: 0.0177991148
[trainer.py file line:87] - INFO: epoch: 135	 batch: 11400
[trainer.py file line:89] - INFO: rec_loss: 0.0203373004
[trainer.py file line:87] - INFO: epoch: 135	 batch: 12000
[trainer.py file line:89] - INFO: rec_loss: 0.0167938359
[trainer.py file line:87] - INFO: epoch: 135	 batch: 12600
[trainer.py file line:89] - INFO: rec_loss: 0.0127980355
[trainer.py file line:87] - INFO: epoch: 135	 batch: 13200
[trainer.py file line:89] - INFO: rec_loss: 0.0170777626
[trainer.py file line:87] - INFO: epoch: 135	 batch: 13800
[trainer.py file line:89] - INFO: rec_loss: 0.0165983830
[trainer.py file line:96] - INFO: saving the model...
[trainer.py file line:104] - INFO: Epoch 135 evaluation process...
[trainer.py file line:182] - INFO: Ref  PSNR (now): 35.198 	 SSIM (now): 0.9873
[trainer.py file line:189] - INFO: Ref  PSNR (max): 35.198 (135) 	 SSIM (max): 0.9873 (135) 
[trainer.py file line:191] - INFO: Evaluation over.
[trainer.py file line:66] - INFO: Current epoch learning rate: 1.000000e-05
[trainer.py file line:87] - INFO: epoch: 136	 batch: 600
[trainer.py file line:89] - INFO: rec_loss: 0.0180945229
[trainer.py file line:87] - INFO: epoch: 136	 batch: 1200
[trainer.py file line:89] - INFO: rec_loss: 0.0205921270
[trainer.py file line:87] - INFO: epoch: 136	 batch: 1800
[trainer.py file line:89] - INFO: rec_loss: 0.0211124551
[trainer.py file line:87] - INFO: epoch: 136	 batch: 2400
[trainer.py file line:89] - INFO: rec_loss: 0.0149107743
[trainer.py file line:87] - INFO: epoch: 136	 batch: 3000
[trainer.py file line:89] - INFO: rec_loss: 0.0202809107
[trainer.py file line:87] - INFO: epoch: 136	 batch: 3600
[trainer.py file line:89] - INFO: rec_loss: 0.0133089731
[trainer.py file line:87] - INFO: epoch: 136	 batch: 4200
[trainer.py file line:89] - INFO: rec_loss: 0.0177842900
[trainer.py file line:87] - INFO: epoch: 136	 batch: 4800
[trainer.py file line:89] - INFO: rec_loss: 0.0130547760
[trainer.py file line:87] - INFO: epoch: 136	 batch: 5400
[trainer.py file line:89] - INFO: rec_loss: 0.0136500373
[trainer.py file line:87] - INFO: epoch: 136	 batch: 6000
[trainer.py file line:89] - INFO: rec_loss: 0.0168619379
[trainer.py file line:87] - INFO: epoch: 136	 batch: 6600
[trainer.py file line:89] - INFO: rec_loss: 0.0145947952
[trainer.py file line:87] - INFO: epoch: 136	 batch: 7200
[trainer.py file line:89] - INFO: rec_loss: 0.0267389566
[trainer.py file line:87] - INFO: epoch: 136	 batch: 7800
[trainer.py file line:89] - INFO: rec_loss: 0.0126042059
[trainer.py file line:87] - INFO: epoch: 136	 batch: 8400
[trainer.py file line:89] - INFO: rec_loss: 0.0189163834
[trainer.py file line:87] - INFO: epoch: 136	 batch: 9000
[trainer.py file line:89] - INFO: rec_loss: 0.0175688937
[trainer.py file line:87] - INFO: epoch: 136	 batch: 9600
[trainer.py file line:89] - INFO: rec_loss: 0.0242438614
[trainer.py file line:87] - INFO: epoch: 136	 batch: 10200
[trainer.py file line:89] - INFO: rec_loss: 0.0288245250
[trainer.py file line:87] - INFO: epoch: 136	 batch: 10800
[trainer.py file line:89] - INFO: rec_loss: 0.0112984125
[trainer.py file line:87] - INFO: epoch: 136	 batch: 11400
[trainer.py file line:89] - INFO: rec_loss: 0.0159860980
[trainer.py file line:87] - INFO: epoch: 136	 batch: 12000
[trainer.py file line:89] - INFO: rec_loss: 0.0173939187
[trainer.py file line:87] - INFO: epoch: 136	 batch: 12600
[trainer.py file line:89] - INFO: rec_loss: 0.0176493768
[trainer.py file line:87] - INFO: epoch: 136	 batch: 13200
[trainer.py file line:89] - INFO: rec_loss: 0.0174469296
[trainer.py file line:87] - INFO: epoch: 136	 batch: 13800
[trainer.py file line:89] - INFO: rec_loss: 0.0193360224
[trainer.py file line:96] - INFO: saving the model...
[trainer.py file line:104] - INFO: Epoch 136 evaluation process...
[trainer.py file line:182] - INFO: Ref  PSNR (now): 35.148 	 SSIM (now): 0.9873
[trainer.py file line:189] - INFO: Ref  PSNR (max): 35.198 (135) 	 SSIM (max): 0.9873 (136) 
[trainer.py file line:191] - INFO: Evaluation over.
[trainer.py file line:66] - INFO: Current epoch learning rate: 1.000000e-05
[trainer.py file line:87] - INFO: epoch: 137	 batch: 600
[trainer.py file line:89] - INFO: rec_loss: 0.0159726515
[trainer.py file line:87] - INFO: epoch: 137	 batch: 1200
[trainer.py file line:89] - INFO: rec_loss: 0.0174177531
[trainer.py file line:87] - INFO: epoch: 137	 batch: 1800
[trainer.py file line:89] - INFO: rec_loss: 0.0152053814
[trainer.py file line:87] - INFO: epoch: 137	 batch: 2400
[trainer.py file line:89] - INFO: rec_loss: 0.0107370708
[trainer.py file line:87] - INFO: epoch: 137	 batch: 3000
[trainer.py file line:89] - INFO: rec_loss: 0.0117588323
[trainer.py file line:87] - INFO: epoch: 137	 batch: 3600
[trainer.py file line:89] - INFO: rec_loss: 0.0159263201
[trainer.py file line:87] - INFO: epoch: 137	 batch: 4200
[trainer.py file line:89] - INFO: rec_loss: 0.0243099350
[trainer.py file line:87] - INFO: epoch: 137	 batch: 4800
[trainer.py file line:89] - INFO: rec_loss: 0.0221464839
[trainer.py file line:87] - INFO: epoch: 137	 batch: 5400
[trainer.py file line:89] - INFO: rec_loss: 0.0133529706
[trainer.py file line:87] - INFO: epoch: 137	 batch: 6000
[trainer.py file line:89] - INFO: rec_loss: 0.0185959861
[trainer.py file line:87] - INFO: epoch: 137	 batch: 6600
[trainer.py file line:89] - INFO: rec_loss: 0.0241117831
[trainer.py file line:87] - INFO: epoch: 137	 batch: 7200
[trainer.py file line:89] - INFO: rec_loss: 0.0174263455
[trainer.py file line:87] - INFO: epoch: 137	 batch: 7800
[trainer.py file line:89] - INFO: rec_loss: 0.0122869583
[trainer.py file line:87] - INFO: epoch: 137	 batch: 8400
[trainer.py file line:89] - INFO: rec_loss: 0.0191716310
[trainer.py file line:87] - INFO: epoch: 137	 batch: 9000
[trainer.py file line:89] - INFO: rec_loss: 0.0224681329
[trainer.py file line:87] - INFO: epoch: 137	 batch: 9600
[trainer.py file line:89] - INFO: rec_loss: 0.0106171342
[trainer.py file line:87] - INFO: epoch: 137	 batch: 10200
[trainer.py file line:89] - INFO: rec_loss: 0.0178631507
[trainer.py file line:87] - INFO: epoch: 137	 batch: 10800
[trainer.py file line:89] - INFO: rec_loss: 0.0194855276
[trainer.py file line:87] - INFO: epoch: 137	 batch: 11400
[trainer.py file line:89] - INFO: rec_loss: 0.0148650892
[trainer.py file line:87] - INFO: epoch: 137	 batch: 12000
[trainer.py file line:89] - INFO: rec_loss: 0.0137855755
[trainer.py file line:87] - INFO: epoch: 137	 batch: 12600
[trainer.py file line:89] - INFO: rec_loss: 0.0144838477
[trainer.py file line:87] - INFO: epoch: 137	 batch: 13200
[trainer.py file line:89] - INFO: rec_loss: 0.0159686320
[trainer.py file line:87] - INFO: epoch: 137	 batch: 13800
[trainer.py file line:89] - INFO: rec_loss: 0.0132050645
[trainer.py file line:96] - INFO: saving the model...
[trainer.py file line:104] - INFO: Epoch 137 evaluation process...
[trainer.py file line:182] - INFO: Ref  PSNR (now): 35.077 	 SSIM (now): 0.9873
[trainer.py file line:189] - INFO: Ref  PSNR (max): 35.198 (135) 	 SSIM (max): 0.9873 (136) 
[trainer.py file line:191] - INFO: Evaluation over.
[trainer.py file line:66] - INFO: Current epoch learning rate: 1.000000e-05
[trainer.py file line:87] - INFO: epoch: 138	 batch: 600
[trainer.py file line:89] - INFO: rec_loss: 0.0103356261
[trainer.py file line:87] - INFO: epoch: 138	 batch: 1200
[trainer.py file line:89] - INFO: rec_loss: 0.0154098505
[trainer.py file line:87] - INFO: epoch: 138	 batch: 1800
[trainer.py file line:89] - INFO: rec_loss: 0.0163552407
[trainer.py file line:87] - INFO: epoch: 138	 batch: 2400
[trainer.py file line:89] - INFO: rec_loss: 0.0119572505
[trainer.py file line:87] - INFO: epoch: 138	 batch: 3000
[trainer.py file line:89] - INFO: rec_loss: 0.0197670273
[trainer.py file line:87] - INFO: epoch: 138	 batch: 3600
[trainer.py file line:89] - INFO: rec_loss: 0.0213656202
[trainer.py file line:87] - INFO: epoch: 138	 batch: 4200
[trainer.py file line:89] - INFO: rec_loss: 0.0118104555
[trainer.py file line:87] - INFO: epoch: 138	 batch: 4800
[trainer.py file line:89] - INFO: rec_loss: 0.0190677065
[trainer.py file line:87] - INFO: epoch: 138	 batch: 5400
[trainer.py file line:89] - INFO: rec_loss: 0.0175840259
[trainer.py file line:87] - INFO: epoch: 138	 batch: 6000
[trainer.py file line:89] - INFO: rec_loss: 0.0206006486
[trainer.py file line:87] - INFO: epoch: 138	 batch: 6600
[trainer.py file line:89] - INFO: rec_loss: 0.0105102332
[trainer.py file line:87] - INFO: epoch: 138	 batch: 7200
[trainer.py file line:89] - INFO: rec_loss: 0.0200282540
[trainer.py file line:87] - INFO: epoch: 138	 batch: 7800
[trainer.py file line:89] - INFO: rec_loss: 0.0152672715
[trainer.py file line:87] - INFO: epoch: 138	 batch: 8400
[trainer.py file line:89] - INFO: rec_loss: 0.0129308729
[trainer.py file line:87] - INFO: epoch: 138	 batch: 9000
[trainer.py file line:89] - INFO: rec_loss: 0.0151050230
[trainer.py file line:87] - INFO: epoch: 138	 batch: 9600
[trainer.py file line:89] - INFO: rec_loss: 0.0107258400
[trainer.py file line:87] - INFO: epoch: 138	 batch: 10200
[trainer.py file line:89] - INFO: rec_loss: 0.0161467735
[trainer.py file line:87] - INFO: epoch: 138	 batch: 10800
[trainer.py file line:89] - INFO: rec_loss: 0.0122089172
[trainer.py file line:87] - INFO: epoch: 138	 batch: 11400
[trainer.py file line:89] - INFO: rec_loss: 0.0116965054
[trainer.py file line:87] - INFO: epoch: 138	 batch: 12000
[trainer.py file line:89] - INFO: rec_loss: 0.0137962857
[trainer.py file line:87] - INFO: epoch: 138	 batch: 12600
[trainer.py file line:89] - INFO: rec_loss: 0.0151058231
[trainer.py file line:87] - INFO: epoch: 138	 batch: 13200
[trainer.py file line:89] - INFO: rec_loss: 0.0126421945
[trainer.py file line:87] - INFO: epoch: 138	 batch: 13800
[trainer.py file line:89] - INFO: rec_loss: 0.0165940057
[trainer.py file line:96] - INFO: saving the model...
[trainer.py file line:104] - INFO: Epoch 138 evaluation process...
[trainer.py file line:182] - INFO: Ref  PSNR (now): 35.174 	 SSIM (now): 0.9874
[trainer.py file line:189] - INFO: Ref  PSNR (max): 35.198 (135) 	 SSIM (max): 0.9874 (138) 
[trainer.py file line:191] - INFO: Evaluation over.
[trainer.py file line:66] - INFO: Current epoch learning rate: 1.000000e-05
[trainer.py file line:87] - INFO: epoch: 139	 batch: 600
[trainer.py file line:89] - INFO: rec_loss: 0.0207327046
[trainer.py file line:87] - INFO: epoch: 139	 batch: 1200
[trainer.py file line:89] - INFO: rec_loss: 0.0130035970
[trainer.py file line:87] - INFO: epoch: 139	 batch: 1800
[trainer.py file line:89] - INFO: rec_loss: 0.0162082613
[trainer.py file line:87] - INFO: epoch: 139	 batch: 2400
[trainer.py file line:89] - INFO: rec_loss: 0.0222054236
[trainer.py file line:87] - INFO: epoch: 139	 batch: 3000
[trainer.py file line:89] - INFO: rec_loss: 0.0183059964
[trainer.py file line:87] - INFO: epoch: 139	 batch: 3600
[trainer.py file line:89] - INFO: rec_loss: 0.0186139047
[trainer.py file line:87] - INFO: epoch: 139	 batch: 4200
[trainer.py file line:89] - INFO: rec_loss: 0.0170568749
[trainer.py file line:87] - INFO: epoch: 139	 batch: 4800
[trainer.py file line:89] - INFO: rec_loss: 0.0228995532
[trainer.py file line:87] - INFO: epoch: 139	 batch: 5400
[trainer.py file line:89] - INFO: rec_loss: 0.0152182998
[trainer.py file line:87] - INFO: epoch: 139	 batch: 6000
[trainer.py file line:89] - INFO: rec_loss: 0.0141241672
[trainer.py file line:87] - INFO: epoch: 139	 batch: 6600
[trainer.py file line:89] - INFO: rec_loss: 0.0185408127
[trainer.py file line:87] - INFO: epoch: 139	 batch: 7200
[trainer.py file line:89] - INFO: rec_loss: 0.0149563011
[trainer.py file line:87] - INFO: epoch: 139	 batch: 7800
[trainer.py file line:89] - INFO: rec_loss: 0.0177491773
[trainer.py file line:87] - INFO: epoch: 139	 batch: 8400
[trainer.py file line:89] - INFO: rec_loss: 0.0124892434
[trainer.py file line:87] - INFO: epoch: 139	 batch: 9000
[trainer.py file line:89] - INFO: rec_loss: 0.0204464793
[trainer.py file line:87] - INFO: epoch: 139	 batch: 9600
[trainer.py file line:89] - INFO: rec_loss: 0.0214377977
[trainer.py file line:87] - INFO: epoch: 139	 batch: 10200
[trainer.py file line:89] - INFO: rec_loss: 0.0112853991
[trainer.py file line:87] - INFO: epoch: 139	 batch: 10800
[trainer.py file line:89] - INFO: rec_loss: 0.0155609036
[trainer.py file line:87] - INFO: epoch: 139	 batch: 11400
[trainer.py file line:89] - INFO: rec_loss: 0.0135438619
[trainer.py file line:87] - INFO: epoch: 139	 batch: 12000
[trainer.py file line:89] - INFO: rec_loss: 0.0279102903
[trainer.py file line:87] - INFO: epoch: 139	 batch: 12600
[trainer.py file line:89] - INFO: rec_loss: 0.0124169979
[trainer.py file line:87] - INFO: epoch: 139	 batch: 13200
[trainer.py file line:89] - INFO: rec_loss: 0.0148099456
[trainer.py file line:87] - INFO: epoch: 139	 batch: 13800
[trainer.py file line:89] - INFO: rec_loss: 0.0126155717
[trainer.py file line:96] - INFO: saving the model...
[trainer.py file line:104] - INFO: Epoch 139 evaluation process...
[trainer.py file line:182] - INFO: Ref  PSNR (now): 35.109 	 SSIM (now): 0.9874
[trainer.py file line:189] - INFO: Ref  PSNR (max): 35.198 (135) 	 SSIM (max): 0.9874 (139) 
[trainer.py file line:191] - INFO: Evaluation over.
[trainer.py file line:66] - INFO: Current epoch learning rate: 1.000000e-05
[trainer.py file line:87] - INFO: epoch: 140	 batch: 600
[trainer.py file line:89] - INFO: rec_loss: 0.0207819901
[trainer.py file line:87] - INFO: epoch: 140	 batch: 1200
[trainer.py file line:89] - INFO: rec_loss: 0.0193133820
[trainer.py file line:87] - INFO: epoch: 140	 batch: 1800
[trainer.py file line:89] - INFO: rec_loss: 0.0186644495
[trainer.py file line:87] - INFO: epoch: 140	 batch: 2400
[trainer.py file line:89] - INFO: rec_loss: 0.0243688244
[trainer.py file line:87] - INFO: epoch: 140	 batch: 3000
[trainer.py file line:89] - INFO: rec_loss: 0.0129518667
[trainer.py file line:87] - INFO: epoch: 140	 batch: 3600
[trainer.py file line:89] - INFO: rec_loss: 0.0208306536
[trainer.py file line:87] - INFO: epoch: 140	 batch: 4200
[trainer.py file line:89] - INFO: rec_loss: 0.0187502615
[trainer.py file line:87] - INFO: epoch: 140	 batch: 4800
[trainer.py file line:89] - INFO: rec_loss: 0.0160711482
[trainer.py file line:87] - INFO: epoch: 140	 batch: 5400
[trainer.py file line:89] - INFO: rec_loss: 0.0153030483
[trainer.py file line:87] - INFO: epoch: 140	 batch: 6000
[trainer.py file line:89] - INFO: rec_loss: 0.0131878462
[trainer.py file line:87] - INFO: epoch: 140	 batch: 6600
[trainer.py file line:89] - INFO: rec_loss: 0.0137488199
[trainer.py file line:87] - INFO: epoch: 140	 batch: 7200
[trainer.py file line:89] - INFO: rec_loss: 0.0161333736
[trainer.py file line:87] - INFO: epoch: 140	 batch: 7800
[trainer.py file line:89] - INFO: rec_loss: 0.0154855894
[trainer.py file line:87] - INFO: epoch: 140	 batch: 8400
[trainer.py file line:89] - INFO: rec_loss: 0.0153498650
[trainer.py file line:87] - INFO: epoch: 140	 batch: 9000
[trainer.py file line:89] - INFO: rec_loss: 0.0150449760
[trainer.py file line:87] - INFO: epoch: 140	 batch: 9600
[trainer.py file line:89] - INFO: rec_loss: 0.0176647399
[trainer.py file line:87] - INFO: epoch: 140	 batch: 10200
[trainer.py file line:89] - INFO: rec_loss: 0.0115992613
[trainer.py file line:87] - INFO: epoch: 140	 batch: 10800
[trainer.py file line:89] - INFO: rec_loss: 0.0118882777
[trainer.py file line:87] - INFO: epoch: 140	 batch: 11400
[trainer.py file line:89] - INFO: rec_loss: 0.0144080995
[trainer.py file line:87] - INFO: epoch: 140	 batch: 12000
[trainer.py file line:89] - INFO: rec_loss: 0.0170306228
[trainer.py file line:87] - INFO: epoch: 140	 batch: 12600
[trainer.py file line:89] - INFO: rec_loss: 0.0153678609
[trainer.py file line:87] - INFO: epoch: 140	 batch: 13200
[trainer.py file line:89] - INFO: rec_loss: 0.0132912640
[trainer.py file line:87] - INFO: epoch: 140	 batch: 13800
[trainer.py file line:89] - INFO: rec_loss: 0.0112270741
[trainer.py file line:96] - INFO: saving the model...
[trainer.py file line:104] - INFO: Epoch 140 evaluation process...
[trainer.py file line:182] - INFO: Ref  PSNR (now): 35.144 	 SSIM (now): 0.9874
[trainer.py file line:189] - INFO: Ref  PSNR (max): 35.198 (135) 	 SSIM (max): 0.9874 (140) 
[trainer.py file line:191] - INFO: Evaluation over.
[trainer.py file line:66] - INFO: Current epoch learning rate: 1.000000e-05
[trainer.py file line:87] - INFO: epoch: 141	 batch: 600
[trainer.py file line:89] - INFO: rec_loss: 0.0097101126
[trainer.py file line:87] - INFO: epoch: 141	 batch: 1200
[trainer.py file line:89] - INFO: rec_loss: 0.0186561067
[trainer.py file line:87] - INFO: epoch: 141	 batch: 1800
[trainer.py file line:89] - INFO: rec_loss: 0.0187497269
[trainer.py file line:87] - INFO: epoch: 141	 batch: 2400
[trainer.py file line:89] - INFO: rec_loss: 0.0139595233
[trainer.py file line:87] - INFO: epoch: 141	 batch: 3000
[trainer.py file line:89] - INFO: rec_loss: 0.0185735840
[trainer.py file line:87] - INFO: epoch: 141	 batch: 3600
[trainer.py file line:89] - INFO: rec_loss: 0.0147683052
[trainer.py file line:87] - INFO: epoch: 141	 batch: 4200
[trainer.py file line:89] - INFO: rec_loss: 0.0125472993
[trainer.py file line:87] - INFO: epoch: 141	 batch: 4800
[trainer.py file line:89] - INFO: rec_loss: 0.0167810898
[trainer.py file line:87] - INFO: epoch: 141	 batch: 5400
[trainer.py file line:89] - INFO: rec_loss: 0.0131980423
[trainer.py file line:87] - INFO: epoch: 141	 batch: 6000
[trainer.py file line:89] - INFO: rec_loss: 0.0166003183
[trainer.py file line:87] - INFO: epoch: 141	 batch: 6600
[trainer.py file line:89] - INFO: rec_loss: 0.0170610175
[trainer.py file line:87] - INFO: epoch: 141	 batch: 7200
[trainer.py file line:89] - INFO: rec_loss: 0.0261091962
[trainer.py file line:87] - INFO: epoch: 141	 batch: 7800
[trainer.py file line:89] - INFO: rec_loss: 0.0221986212
[trainer.py file line:87] - INFO: epoch: 141	 batch: 8400
[trainer.py file line:89] - INFO: rec_loss: 0.0124354679
[trainer.py file line:87] - INFO: epoch: 141	 batch: 9000
[trainer.py file line:89] - INFO: rec_loss: 0.0187773295
[trainer.py file line:87] - INFO: epoch: 141	 batch: 9600
[trainer.py file line:89] - INFO: rec_loss: 0.0168280378
[trainer.py file line:87] - INFO: epoch: 141	 batch: 10200
[trainer.py file line:89] - INFO: rec_loss: 0.0133218812
[trainer.py file line:87] - INFO: epoch: 141	 batch: 10800
[trainer.py file line:89] - INFO: rec_loss: 0.0191454105
[trainer.py file line:87] - INFO: epoch: 141	 batch: 11400
[trainer.py file line:89] - INFO: rec_loss: 0.0172028299
[trainer.py file line:87] - INFO: epoch: 141	 batch: 12000
[trainer.py file line:89] - INFO: rec_loss: 0.0154790860
[trainer.py file line:87] - INFO: epoch: 141	 batch: 12600
[trainer.py file line:89] - INFO: rec_loss: 0.0173245631
[trainer.py file line:87] - INFO: epoch: 141	 batch: 13200
[trainer.py file line:89] - INFO: rec_loss: 0.0125790806
[trainer.py file line:87] - INFO: epoch: 141	 batch: 13800
[trainer.py file line:89] - INFO: rec_loss: 0.0173540600
[trainer.py file line:96] - INFO: saving the model...
[trainer.py file line:104] - INFO: Epoch 141 evaluation process...
[trainer.py file line:182] - INFO: Ref  PSNR (now): 35.106 	 SSIM (now): 0.9875
[trainer.py file line:189] - INFO: Ref  PSNR (max): 35.198 (135) 	 SSIM (max): 0.9875 (141) 
[trainer.py file line:191] - INFO: Evaluation over.
[trainer.py file line:66] - INFO: Current epoch learning rate: 1.000000e-05
[trainer.py file line:87] - INFO: epoch: 142	 batch: 600
[trainer.py file line:89] - INFO: rec_loss: 0.0104741910
[trainer.py file line:87] - INFO: epoch: 142	 batch: 1200
[trainer.py file line:89] - INFO: rec_loss: 0.0180016272
[trainer.py file line:87] - INFO: epoch: 142	 batch: 1800
[trainer.py file line:89] - INFO: rec_loss: 0.0149950562
[trainer.py file line:87] - INFO: epoch: 142	 batch: 2400
[trainer.py file line:89] - INFO: rec_loss: 0.0171795972
[trainer.py file line:87] - INFO: epoch: 142	 batch: 3000
[trainer.py file line:89] - INFO: rec_loss: 0.0154051734
[trainer.py file line:87] - INFO: epoch: 142	 batch: 3600
[trainer.py file line:89] - INFO: rec_loss: 0.0183865502
[trainer.py file line:87] - INFO: epoch: 142	 batch: 4200
[trainer.py file line:89] - INFO: rec_loss: 0.0155640244
[trainer.py file line:87] - INFO: epoch: 142	 batch: 4800
[trainer.py file line:89] - INFO: rec_loss: 0.0112436600
[trainer.py file line:87] - INFO: epoch: 142	 batch: 5400
[trainer.py file line:89] - INFO: rec_loss: 0.0128875561
[trainer.py file line:87] - INFO: epoch: 142	 batch: 6000
[trainer.py file line:89] - INFO: rec_loss: 0.0154328179
[trainer.py file line:87] - INFO: epoch: 142	 batch: 6600
[trainer.py file line:89] - INFO: rec_loss: 0.0168329161
[trainer.py file line:87] - INFO: epoch: 142	 batch: 7200
[trainer.py file line:89] - INFO: rec_loss: 0.0145903500
[trainer.py file line:87] - INFO: epoch: 142	 batch: 7800
[trainer.py file line:89] - INFO: rec_loss: 0.0151365167
[trainer.py file line:87] - INFO: epoch: 142	 batch: 8400
[trainer.py file line:89] - INFO: rec_loss: 0.0180895198
[trainer.py file line:87] - INFO: epoch: 142	 batch: 9000
[trainer.py file line:89] - INFO: rec_loss: 0.0185077507
[trainer.py file line:87] - INFO: epoch: 142	 batch: 9600
[trainer.py file line:89] - INFO: rec_loss: 0.0236364342
[trainer.py file line:87] - INFO: epoch: 142	 batch: 10200
[trainer.py file line:89] - INFO: rec_loss: 0.0171859860
[trainer.py file line:87] - INFO: epoch: 142	 batch: 10800
[trainer.py file line:89] - INFO: rec_loss: 0.0153307011
[trainer.py file line:87] - INFO: epoch: 142	 batch: 11400
[trainer.py file line:89] - INFO: rec_loss: 0.0138047598
[trainer.py file line:87] - INFO: epoch: 142	 batch: 12000
[trainer.py file line:89] - INFO: rec_loss: 0.0181385428
[trainer.py file line:87] - INFO: epoch: 142	 batch: 12600
[trainer.py file line:89] - INFO: rec_loss: 0.0187454056
[trainer.py file line:87] - INFO: epoch: 142	 batch: 13200
[trainer.py file line:89] - INFO: rec_loss: 0.0149818370
[trainer.py file line:87] - INFO: epoch: 142	 batch: 13800
[trainer.py file line:89] - INFO: rec_loss: 0.0146068735
[trainer.py file line:96] - INFO: saving the model...
[trainer.py file line:104] - INFO: Epoch 142 evaluation process...
[trainer.py file line:182] - INFO: Ref  PSNR (now): 35.214 	 SSIM (now): 0.9875
[trainer.py file line:189] - INFO: Ref  PSNR (max): 35.214 (142) 	 SSIM (max): 0.9875 (142) 
[trainer.py file line:191] - INFO: Evaluation over.
[trainer.py file line:66] - INFO: Current epoch learning rate: 1.000000e-05
[trainer.py file line:87] - INFO: epoch: 143	 batch: 600
[trainer.py file line:89] - INFO: rec_loss: 0.0160224680
[trainer.py file line:87] - INFO: epoch: 143	 batch: 1200
[trainer.py file line:89] - INFO: rec_loss: 0.0135394279
[trainer.py file line:87] - INFO: epoch: 143	 batch: 1800
[trainer.py file line:89] - INFO: rec_loss: 0.0121537810
[trainer.py file line:87] - INFO: epoch: 143	 batch: 2400
[trainer.py file line:89] - INFO: rec_loss: 0.0178429186
[trainer.py file line:87] - INFO: epoch: 143	 batch: 3000
[trainer.py file line:89] - INFO: rec_loss: 0.0118668322
[trainer.py file line:87] - INFO: epoch: 143	 batch: 3600
[trainer.py file line:89] - INFO: rec_loss: 0.0105669517
[trainer.py file line:87] - INFO: epoch: 143	 batch: 4200
[trainer.py file line:89] - INFO: rec_loss: 0.0121541778
[trainer.py file line:87] - INFO: epoch: 143	 batch: 4800
[trainer.py file line:89] - INFO: rec_loss: 0.0117030786
[trainer.py file line:87] - INFO: epoch: 143	 batch: 5400
[trainer.py file line:89] - INFO: rec_loss: 0.0162501745
[trainer.py file line:87] - INFO: epoch: 143	 batch: 6000
[trainer.py file line:89] - INFO: rec_loss: 0.0128168231
[trainer.py file line:87] - INFO: epoch: 143	 batch: 6600
[trainer.py file line:89] - INFO: rec_loss: 0.0166660789
[trainer.py file line:87] - INFO: epoch: 143	 batch: 7200
[trainer.py file line:89] - INFO: rec_loss: 0.0215609986
[trainer.py file line:87] - INFO: epoch: 143	 batch: 7800
[trainer.py file line:89] - INFO: rec_loss: 0.0219236072
[trainer.py file line:87] - INFO: epoch: 143	 batch: 8400
[trainer.py file line:89] - INFO: rec_loss: 0.0136152655
[trainer.py file line:87] - INFO: epoch: 143	 batch: 9000
[trainer.py file line:89] - INFO: rec_loss: 0.0202726498
[trainer.py file line:87] - INFO: epoch: 143	 batch: 9600
[trainer.py file line:89] - INFO: rec_loss: 0.0124595957
[trainer.py file line:87] - INFO: epoch: 143	 batch: 10200
[trainer.py file line:89] - INFO: rec_loss: 0.0153105482
[trainer.py file line:87] - INFO: epoch: 143	 batch: 10800
[trainer.py file line:89] - INFO: rec_loss: 0.0213320535
[trainer.py file line:87] - INFO: epoch: 143	 batch: 11400
[trainer.py file line:89] - INFO: rec_loss: 0.0249064248
[trainer.py file line:87] - INFO: epoch: 143	 batch: 12000
[trainer.py file line:89] - INFO: rec_loss: 0.0190287903
[trainer.py file line:87] - INFO: epoch: 143	 batch: 12600
[trainer.py file line:89] - INFO: rec_loss: 0.0091498923
[trainer.py file line:87] - INFO: epoch: 143	 batch: 13200
[trainer.py file line:89] - INFO: rec_loss: 0.0137735028
[trainer.py file line:87] - INFO: epoch: 143	 batch: 13800
[trainer.py file line:89] - INFO: rec_loss: 0.0162416361
[trainer.py file line:96] - INFO: saving the model...
[trainer.py file line:104] - INFO: Epoch 143 evaluation process...
[trainer.py file line:182] - INFO: Ref  PSNR (now): 35.133 	 SSIM (now): 0.9875
[trainer.py file line:189] - INFO: Ref  PSNR (max): 35.214 (142) 	 SSIM (max): 0.9875 (142) 
[trainer.py file line:191] - INFO: Evaluation over.
[trainer.py file line:66] - INFO: Current epoch learning rate: 1.000000e-05
[trainer.py file line:87] - INFO: epoch: 144	 batch: 600
[trainer.py file line:89] - INFO: rec_loss: 0.0156766176
[trainer.py file line:87] - INFO: epoch: 144	 batch: 1200
[trainer.py file line:89] - INFO: rec_loss: 0.0148689691
[trainer.py file line:87] - INFO: epoch: 144	 batch: 1800
[trainer.py file line:89] - INFO: rec_loss: 0.0195192993
[trainer.py file line:87] - INFO: epoch: 144	 batch: 2400
[trainer.py file line:89] - INFO: rec_loss: 0.0172142405
[trainer.py file line:87] - INFO: epoch: 144	 batch: 3000
[trainer.py file line:89] - INFO: rec_loss: 0.0178764835
[trainer.py file line:87] - INFO: epoch: 144	 batch: 3600
[trainer.py file line:89] - INFO: rec_loss: 0.0136818504
[trainer.py file line:87] - INFO: epoch: 144	 batch: 4200
[trainer.py file line:89] - INFO: rec_loss: 0.0159059986
[trainer.py file line:87] - INFO: epoch: 144	 batch: 4800
[trainer.py file line:89] - INFO: rec_loss: 0.0145605654
[trainer.py file line:87] - INFO: epoch: 144	 batch: 5400
[trainer.py file line:89] - INFO: rec_loss: 0.0152081875
[trainer.py file line:87] - INFO: epoch: 144	 batch: 6000
[trainer.py file line:89] - INFO: rec_loss: 0.0192719344
[trainer.py file line:87] - INFO: epoch: 144	 batch: 6600
[trainer.py file line:89] - INFO: rec_loss: 0.0205663852
[trainer.py file line:87] - INFO: epoch: 144	 batch: 7200
[trainer.py file line:89] - INFO: rec_loss: 0.0150022749
[trainer.py file line:87] - INFO: epoch: 144	 batch: 7800
[trainer.py file line:89] - INFO: rec_loss: 0.0150002735
[trainer.py file line:87] - INFO: epoch: 144	 batch: 8400
[trainer.py file line:89] - INFO: rec_loss: 0.0205333717
[trainer.py file line:87] - INFO: epoch: 144	 batch: 9000
[trainer.py file line:89] - INFO: rec_loss: 0.0168354437
[trainer.py file line:87] - INFO: epoch: 144	 batch: 9600
[trainer.py file line:89] - INFO: rec_loss: 0.0147388028
[trainer.py file line:87] - INFO: epoch: 144	 batch: 10200
[trainer.py file line:89] - INFO: rec_loss: 0.0133898361
[trainer.py file line:87] - INFO: epoch: 144	 batch: 10800
[trainer.py file line:89] - INFO: rec_loss: 0.0166693218
[trainer.py file line:87] - INFO: epoch: 144	 batch: 11400
[trainer.py file line:89] - INFO: rec_loss: 0.0136385849
[trainer.py file line:87] - INFO: epoch: 144	 batch: 12000
[trainer.py file line:89] - INFO: rec_loss: 0.0229758676
[trainer.py file line:87] - INFO: epoch: 144	 batch: 12600
[trainer.py file line:89] - INFO: rec_loss: 0.0164553765
[trainer.py file line:87] - INFO: epoch: 144	 batch: 13200
[trainer.py file line:89] - INFO: rec_loss: 0.0161731988
[trainer.py file line:87] - INFO: epoch: 144	 batch: 13800
[trainer.py file line:89] - INFO: rec_loss: 0.0162339117
[trainer.py file line:96] - INFO: saving the model...
[trainer.py file line:104] - INFO: Epoch 144 evaluation process...
[trainer.py file line:182] - INFO: Ref  PSNR (now): 35.164 	 SSIM (now): 0.9876
[trainer.py file line:189] - INFO: Ref  PSNR (max): 35.214 (142) 	 SSIM (max): 0.9876 (144) 
[trainer.py file line:191] - INFO: Evaluation over.
[trainer.py file line:66] - INFO: Current epoch learning rate: 1.000000e-05
[trainer.py file line:87] - INFO: epoch: 145	 batch: 600
[trainer.py file line:89] - INFO: rec_loss: 0.0154333832
[trainer.py file line:87] - INFO: epoch: 145	 batch: 1200
[trainer.py file line:89] - INFO: rec_loss: 0.0126484549
[trainer.py file line:87] - INFO: epoch: 145	 batch: 1800
[trainer.py file line:89] - INFO: rec_loss: 0.0156655293
[trainer.py file line:87] - INFO: epoch: 145	 batch: 2400
[trainer.py file line:89] - INFO: rec_loss: 0.0127555802
[trainer.py file line:87] - INFO: epoch: 145	 batch: 3000
[trainer.py file line:89] - INFO: rec_loss: 0.0107626002
[trainer.py file line:87] - INFO: epoch: 145	 batch: 3600
[trainer.py file line:89] - INFO: rec_loss: 0.0177651104
[trainer.py file line:87] - INFO: epoch: 145	 batch: 4200
[trainer.py file line:89] - INFO: rec_loss: 0.0159892887
[trainer.py file line:87] - INFO: epoch: 145	 batch: 4800
[trainer.py file line:89] - INFO: rec_loss: 0.0169101004
[trainer.py file line:87] - INFO: epoch: 145	 batch: 5400
[trainer.py file line:89] - INFO: rec_loss: 0.0141191240
[trainer.py file line:87] - INFO: epoch: 145	 batch: 6000
[trainer.py file line:89] - INFO: rec_loss: 0.0101570841
[trainer.py file line:87] - INFO: epoch: 145	 batch: 6600
[trainer.py file line:89] - INFO: rec_loss: 0.0189701952
[trainer.py file line:87] - INFO: epoch: 145	 batch: 7200
[trainer.py file line:89] - INFO: rec_loss: 0.0151769100
[trainer.py file line:87] - INFO: epoch: 145	 batch: 7800
[trainer.py file line:89] - INFO: rec_loss: 0.0184777081
[trainer.py file line:87] - INFO: epoch: 145	 batch: 8400
[trainer.py file line:89] - INFO: rec_loss: 0.0179129504
[trainer.py file line:87] - INFO: epoch: 145	 batch: 9000
[trainer.py file line:89] - INFO: rec_loss: 0.0144414054
[trainer.py file line:87] - INFO: epoch: 145	 batch: 9600
[trainer.py file line:89] - INFO: rec_loss: 0.0198775455
[trainer.py file line:87] - INFO: epoch: 145	 batch: 10200
[trainer.py file line:89] - INFO: rec_loss: 0.0148441996
[trainer.py file line:87] - INFO: epoch: 145	 batch: 10800
[trainer.py file line:89] - INFO: rec_loss: 0.0145425862
[trainer.py file line:87] - INFO: epoch: 145	 batch: 11400
[trainer.py file line:89] - INFO: rec_loss: 0.0230852049
[trainer.py file line:87] - INFO: epoch: 145	 batch: 12000
[trainer.py file line:89] - INFO: rec_loss: 0.0226758830
[trainer.py file line:87] - INFO: epoch: 145	 batch: 12600
[trainer.py file line:89] - INFO: rec_loss: 0.0193885621
[trainer.py file line:87] - INFO: epoch: 145	 batch: 13200
[trainer.py file line:89] - INFO: rec_loss: 0.0169411935
[trainer.py file line:87] - INFO: epoch: 145	 batch: 13800
[trainer.py file line:89] - INFO: rec_loss: 0.0202672984
[trainer.py file line:96] - INFO: saving the model...
[trainer.py file line:104] - INFO: Epoch 145 evaluation process...
[trainer.py file line:182] - INFO: Ref  PSNR (now): 35.166 	 SSIM (now): 0.9875
[trainer.py file line:189] - INFO: Ref  PSNR (max): 35.214 (142) 	 SSIM (max): 0.9876 (144) 
[trainer.py file line:191] - INFO: Evaluation over.
[trainer.py file line:66] - INFO: Current epoch learning rate: 1.000000e-05
[trainer.py file line:87] - INFO: epoch: 146	 batch: 600
[trainer.py file line:89] - INFO: rec_loss: 0.0139640709
[trainer.py file line:87] - INFO: epoch: 146	 batch: 1200
[trainer.py file line:89] - INFO: rec_loss: 0.0146158161
[trainer.py file line:87] - INFO: epoch: 146	 batch: 1800
[trainer.py file line:89] - INFO: rec_loss: 0.0132383890
[trainer.py file line:87] - INFO: epoch: 146	 batch: 2400
[trainer.py file line:89] - INFO: rec_loss: 0.0086911200
[trainer.py file line:87] - INFO: epoch: 146	 batch: 3000
[trainer.py file line:89] - INFO: rec_loss: 0.0163829420
[trainer.py file line:87] - INFO: epoch: 146	 batch: 3600
[trainer.py file line:89] - INFO: rec_loss: 0.0180103183
[trainer.py file line:87] - INFO: epoch: 146	 batch: 4200
[trainer.py file line:89] - INFO: rec_loss: 0.0215030629
[trainer.py file line:87] - INFO: epoch: 146	 batch: 4800
[trainer.py file line:89] - INFO: rec_loss: 0.0139566753
[trainer.py file line:87] - INFO: epoch: 146	 batch: 5400
[trainer.py file line:89] - INFO: rec_loss: 0.0140094673
[trainer.py file line:87] - INFO: epoch: 146	 batch: 6000
[trainer.py file line:89] - INFO: rec_loss: 0.0132102817
[trainer.py file line:87] - INFO: epoch: 146	 batch: 6600
[trainer.py file line:89] - INFO: rec_loss: 0.0168043617
[trainer.py file line:87] - INFO: epoch: 146	 batch: 7200
[trainer.py file line:89] - INFO: rec_loss: 0.0143253822
[trainer.py file line:87] - INFO: epoch: 146	 batch: 7800
[trainer.py file line:89] - INFO: rec_loss: 0.0138829183
[trainer.py file line:87] - INFO: epoch: 146	 batch: 8400
[trainer.py file line:89] - INFO: rec_loss: 0.0130446013
[trainer.py file line:87] - INFO: epoch: 146	 batch: 9000
[trainer.py file line:89] - INFO: rec_loss: 0.0152240535
[trainer.py file line:87] - INFO: epoch: 146	 batch: 9600
[trainer.py file line:89] - INFO: rec_loss: 0.0136482334
[trainer.py file line:87] - INFO: epoch: 146	 batch: 10200
[trainer.py file line:89] - INFO: rec_loss: 0.0128057338
[trainer.py file line:87] - INFO: epoch: 146	 batch: 10800
[trainer.py file line:89] - INFO: rec_loss: 0.0194030702
[trainer.py file line:87] - INFO: epoch: 146	 batch: 11400
[trainer.py file line:89] - INFO: rec_loss: 0.0114608118
[trainer.py file line:87] - INFO: epoch: 146	 batch: 12000
[trainer.py file line:89] - INFO: rec_loss: 0.0151318256
[trainer.py file line:87] - INFO: epoch: 146	 batch: 12600
[trainer.py file line:89] - INFO: rec_loss: 0.0218068361
[trainer.py file line:87] - INFO: epoch: 146	 batch: 13200
[trainer.py file line:89] - INFO: rec_loss: 0.0226232875
[trainer.py file line:87] - INFO: epoch: 146	 batch: 13800
[trainer.py file line:89] - INFO: rec_loss: 0.0116981473
[trainer.py file line:96] - INFO: saving the model...
[trainer.py file line:104] - INFO: Epoch 146 evaluation process...
[trainer.py file line:182] - INFO: Ref  PSNR (now): 35.217 	 SSIM (now): 0.9876
[trainer.py file line:189] - INFO: Ref  PSNR (max): 35.217 (146) 	 SSIM (max): 0.9876 (146) 
[trainer.py file line:191] - INFO: Evaluation over.
[trainer.py file line:66] - INFO: Current epoch learning rate: 1.000000e-05
[trainer.py file line:87] - INFO: epoch: 147	 batch: 600
[trainer.py file line:89] - INFO: rec_loss: 0.0190136302
[trainer.py file line:87] - INFO: epoch: 147	 batch: 1200
[trainer.py file line:89] - INFO: rec_loss: 0.0150469942
[trainer.py file line:87] - INFO: epoch: 147	 batch: 1800
[trainer.py file line:89] - INFO: rec_loss: 0.0153540708
[trainer.py file line:87] - INFO: epoch: 147	 batch: 2400
[trainer.py file line:89] - INFO: rec_loss: 0.0135623617
[trainer.py file line:87] - INFO: epoch: 147	 batch: 3000
[trainer.py file line:89] - INFO: rec_loss: 0.0138328727
[trainer.py file line:87] - INFO: epoch: 147	 batch: 3600
[trainer.py file line:89] - INFO: rec_loss: 0.0136584165
[trainer.py file line:87] - INFO: epoch: 147	 batch: 4200
[trainer.py file line:89] - INFO: rec_loss: 0.0124557028
[trainer.py file line:87] - INFO: epoch: 147	 batch: 4800
[trainer.py file line:89] - INFO: rec_loss: 0.0183329601
[trainer.py file line:87] - INFO: epoch: 147	 batch: 5400
[trainer.py file line:89] - INFO: rec_loss: 0.0169475377
[trainer.py file line:87] - INFO: epoch: 147	 batch: 6000
[trainer.py file line:89] - INFO: rec_loss: 0.0225754958
[trainer.py file line:87] - INFO: epoch: 147	 batch: 6600
[trainer.py file line:89] - INFO: rec_loss: 0.0083641717
[trainer.py file line:87] - INFO: epoch: 147	 batch: 7200
[trainer.py file line:89] - INFO: rec_loss: 0.0163883045
[trainer.py file line:87] - INFO: epoch: 147	 batch: 7800
[trainer.py file line:89] - INFO: rec_loss: 0.0133706601
[trainer.py file line:87] - INFO: epoch: 147	 batch: 8400
[trainer.py file line:89] - INFO: rec_loss: 0.0166806728
[trainer.py file line:87] - INFO: epoch: 147	 batch: 9000
[trainer.py file line:89] - INFO: rec_loss: 0.0133691002
[trainer.py file line:87] - INFO: epoch: 147	 batch: 9600
[trainer.py file line:89] - INFO: rec_loss: 0.0216782391
[trainer.py file line:87] - INFO: epoch: 147	 batch: 10200
[trainer.py file line:89] - INFO: rec_loss: 0.0164787266
[trainer.py file line:87] - INFO: epoch: 147	 batch: 10800
[trainer.py file line:89] - INFO: rec_loss: 0.0168748628
[trainer.py file line:87] - INFO: epoch: 147	 batch: 11400
[trainer.py file line:89] - INFO: rec_loss: 0.0123451445
[trainer.py file line:87] - INFO: epoch: 147	 batch: 12000
[trainer.py file line:89] - INFO: rec_loss: 0.0147887263
[trainer.py file line:87] - INFO: epoch: 147	 batch: 12600
[trainer.py file line:89] - INFO: rec_loss: 0.0173191335
[trainer.py file line:87] - INFO: epoch: 147	 batch: 13200
[trainer.py file line:89] - INFO: rec_loss: 0.0172335822
[trainer.py file line:87] - INFO: epoch: 147	 batch: 13800
[trainer.py file line:89] - INFO: rec_loss: 0.0198146533
[trainer.py file line:96] - INFO: saving the model...
[trainer.py file line:104] - INFO: Epoch 147 evaluation process...
[trainer.py file line:182] - INFO: Ref  PSNR (now): 35.161 	 SSIM (now): 0.9876
[trainer.py file line:189] - INFO: Ref  PSNR (max): 35.217 (146) 	 SSIM (max): 0.9876 (146) 
[trainer.py file line:191] - INFO: Evaluation over.
[trainer.py file line:66] - INFO: Current epoch learning rate: 1.000000e-05
[trainer.py file line:87] - INFO: epoch: 148	 batch: 600
[trainer.py file line:89] - INFO: rec_loss: 0.0117091797
[trainer.py file line:87] - INFO: epoch: 148	 batch: 1200
[trainer.py file line:89] - INFO: rec_loss: 0.0118449340
[trainer.py file line:87] - INFO: epoch: 148	 batch: 1800
[trainer.py file line:89] - INFO: rec_loss: 0.0120501891
[trainer.py file line:87] - INFO: epoch: 148	 batch: 2400
[trainer.py file line:89] - INFO: rec_loss: 0.0143799139
[trainer.py file line:87] - INFO: epoch: 148	 batch: 3000
[trainer.py file line:89] - INFO: rec_loss: 0.0152357621
[trainer.py file line:87] - INFO: epoch: 148	 batch: 3600
[trainer.py file line:89] - INFO: rec_loss: 0.0132534616
[trainer.py file line:87] - INFO: epoch: 148	 batch: 4200
[trainer.py file line:89] - INFO: rec_loss: 0.0117944349
[trainer.py file line:87] - INFO: epoch: 148	 batch: 4800
[trainer.py file line:89] - INFO: rec_loss: 0.0320262648
[trainer.py file line:87] - INFO: epoch: 148	 batch: 5400
[trainer.py file line:89] - INFO: rec_loss: 0.0203924812
[trainer.py file line:87] - INFO: epoch: 148	 batch: 6000
[trainer.py file line:89] - INFO: rec_loss: 0.0167032257
[trainer.py file line:87] - INFO: epoch: 148	 batch: 6600
[trainer.py file line:89] - INFO: rec_loss: 0.0159856528
[trainer.py file line:87] - INFO: epoch: 148	 batch: 7200
[trainer.py file line:89] - INFO: rec_loss: 0.0124252364
[trainer.py file line:87] - INFO: epoch: 148	 batch: 7800
[trainer.py file line:89] - INFO: rec_loss: 0.0178944692
[trainer.py file line:87] - INFO: epoch: 148	 batch: 8400
[trainer.py file line:89] - INFO: rec_loss: 0.0098827817
[trainer.py file line:87] - INFO: epoch: 148	 batch: 9000
[trainer.py file line:89] - INFO: rec_loss: 0.0266273879
[trainer.py file line:87] - INFO: epoch: 148	 batch: 9600
[trainer.py file line:89] - INFO: rec_loss: 0.0193086844
[trainer.py file line:87] - INFO: epoch: 148	 batch: 10200
[trainer.py file line:89] - INFO: rec_loss: 0.0154559845
[trainer.py file line:87] - INFO: epoch: 148	 batch: 10800
[trainer.py file line:89] - INFO: rec_loss: 0.0133781880
[trainer.py file line:87] - INFO: epoch: 148	 batch: 11400
[trainer.py file line:89] - INFO: rec_loss: 0.0151612367
[trainer.py file line:87] - INFO: epoch: 148	 batch: 12000
[trainer.py file line:89] - INFO: rec_loss: 0.0146094644
[trainer.py file line:87] - INFO: epoch: 148	 batch: 12600
[trainer.py file line:89] - INFO: rec_loss: 0.0140273897
[trainer.py file line:87] - INFO: epoch: 148	 batch: 13200
[trainer.py file line:89] - INFO: rec_loss: 0.0124957552
[trainer.py file line:87] - INFO: epoch: 148	 batch: 13800
[trainer.py file line:89] - INFO: rec_loss: 0.0170337874
[trainer.py file line:96] - INFO: saving the model...
[trainer.py file line:104] - INFO: Epoch 148 evaluation process...
[trainer.py file line:182] - INFO: Ref  PSNR (now): 35.218 	 SSIM (now): 0.9877
[trainer.py file line:189] - INFO: Ref  PSNR (max): 35.218 (148) 	 SSIM (max): 0.9877 (148) 
[trainer.py file line:191] - INFO: Evaluation over.
[trainer.py file line:66] - INFO: Current epoch learning rate: 1.000000e-05
[trainer.py file line:87] - INFO: epoch: 149	 batch: 600
[trainer.py file line:89] - INFO: rec_loss: 0.0129187619
[trainer.py file line:87] - INFO: epoch: 149	 batch: 1200
[trainer.py file line:89] - INFO: rec_loss: 0.0198495016
[trainer.py file line:87] - INFO: epoch: 149	 batch: 1800
[trainer.py file line:89] - INFO: rec_loss: 0.0174659379
[trainer.py file line:87] - INFO: epoch: 149	 batch: 2400
[trainer.py file line:89] - INFO: rec_loss: 0.0250295009
[trainer.py file line:87] - INFO: epoch: 149	 batch: 3000
[trainer.py file line:89] - INFO: rec_loss: 0.0166438073
[trainer.py file line:87] - INFO: epoch: 149	 batch: 3600
[trainer.py file line:89] - INFO: rec_loss: 0.0155779151
[trainer.py file line:87] - INFO: epoch: 149	 batch: 4200
[trainer.py file line:89] - INFO: rec_loss: 0.0160519350
[trainer.py file line:87] - INFO: epoch: 149	 batch: 4800
[trainer.py file line:89] - INFO: rec_loss: 0.0159026887
[trainer.py file line:87] - INFO: epoch: 149	 batch: 5400
[trainer.py file line:89] - INFO: rec_loss: 0.0195109639
[trainer.py file line:87] - INFO: epoch: 149	 batch: 6000
[trainer.py file line:89] - INFO: rec_loss: 0.0158717111
[trainer.py file line:87] - INFO: epoch: 149	 batch: 6600
[trainer.py file line:89] - INFO: rec_loss: 0.0163344592
[trainer.py file line:87] - INFO: epoch: 149	 batch: 7200
[trainer.py file line:89] - INFO: rec_loss: 0.0248476081
[trainer.py file line:87] - INFO: epoch: 149	 batch: 7800
[trainer.py file line:89] - INFO: rec_loss: 0.0155298002
[trainer.py file line:87] - INFO: epoch: 149	 batch: 8400
[trainer.py file line:89] - INFO: rec_loss: 0.0160402879
[trainer.py file line:87] - INFO: epoch: 149	 batch: 9000
[trainer.py file line:89] - INFO: rec_loss: 0.0134373205
